{"C:\\Users\\rafiu\\Documents\\housefinder\\backend\\index.js": {"path":"C:\\Users\\rafiu\\Documents\\housefinder\\backend\\index.js","statementMap":{"0":{"start":{"line":1,"column":0},"end":{"line":1,"column":27}},"1":{"start":{"line":2,"column":17},"end":{"line":2,"column":36}},"2":{"start":{"line":3,"column":16},"end":{"line":3,"column":34}},"3":{"start":{"line":4,"column":12},"end":{"line":4,"column":21}},"4":{"start":{"line":5,"column":13},"end":{"line":5,"column":28}},"5":{"start":{"line":6,"column":13},"end":{"line":6,"column":28}},"6":{"start":{"line":8,"column":21},"end":{"line":8,"column":47}},"7":{"start":{"line":9,"column":23},"end":{"line":9,"column":51}},"8":{"start":{"line":10,"column":22},"end":{"line":10,"column":49}},"9":{"start":{"line":11,"column":24},"end":{"line":11,"column":53}},"10":{"start":{"line":12,"column":19},"end":{"line":12,"column":43}},"11":{"start":{"line":13,"column":22},"end":{"line":13,"column":42}},"12":{"start":{"line":15,"column":0},"end":{"line":15,"column":56}},"13":{"start":{"line":16,"column":0},"end":{"line":16,"column":24}},"14":{"start":{"line":17,"column":0},"end":{"line":17,"column":15}},"15":{"start":{"line":19,"column":0},"end":{"line":19,"column":19}},"16":{"start":{"line":21,"column":0},"end":{"line":21,"column":27}},"17":{"start":{"line":22,"column":0},"end":{"line":22,"column":29}},"18":{"start":{"line":23,"column":0},"end":{"line":23,"column":28}},"19":{"start":{"line":24,"column":0},"end":{"line":24,"column":30}},"20":{"start":{"line":25,"column":0},"end":{"line":25,"column":25}},"21":{"start":{"line":28,"column":0},"end":{"line":31,"column":3}},"22":{"start":{"line":29,"column":4},"end":{"line":29,"column":20}},"23":{"start":{"line":30,"column":4},"end":{"line":30,"column":48}},"24":{"start":{"line":33,"column":0},"end":{"line":40,"column":2}},"25":{"start":{"line":37,"column":8},"end":{"line":37,"column":52}},"26":{"start":{"line":37,"column":17},"end":{"line":37,"column":52}},"27":{"start":{"line":38,"column":8},"end":{"line":38,"column":93}},"28":{"start":{"line":42,"column":17},"end":{"line":44,"column":2}},"29":{"start":{"line":43,"column":4},"end":{"line":43,"column":75}},"30":{"start":{"line":46,"column":0},"end":{"line":46,"column":21}}},"fnMap":{"0":{"name":"(anonymous_0)","decl":{"start":{"line":28,"column":8},"end":{"line":28,"column":9}},"loc":{"start":{"line":28,"column":23},"end":{"line":31,"column":1}},"line":28},"1":{"name":"(anonymous_1)","decl":{"start":{"line":36,"column":4},"end":{"line":36,"column":5}},"loc":{"start":{"line":36,"column":13},"end":{"line":39,"column":5}},"line":36},"2":{"name":"(anonymous_2)","decl":{"start":{"line":42,"column":54},"end":{"line":42,"column":55}},"loc":{"start":{"line":42,"column":60},"end":{"line":44,"column":1}},"line":42}},"branchMap":{"0":{"loc":{"start":{"line":37,"column":8},"end":{"line":37,"column":52}},"type":"if","locations":[{"start":{"line":37,"column":8},"end":{"line":37,"column":52}},{"start":{},"end":{}}],"line":37},"1":{"loc":{"start":{"line":42,"column":28},"end":{"line":42,"column":52}},"type":"binary-expr","locations":[{"start":{"line":42,"column":28},"end":{"line":42,"column":44}},{"start":{"line":42,"column":48},"end":{"line":42,"column":52}}],"line":42}},"s":{"0":2,"1":2,"2":2,"3":2,"4":2,"5":2,"6":2,"7":2,"8":2,"9":2,"10":2,"11":2,"12":2,"13":2,"14":2,"15":2,"16":2,"17":2,"18":2,"19":2,"20":2,"21":2,"22":0,"23":0,"24":2,"25":1,"26":0,"27":1,"28":2,"29":1,"30":2},"f":{"0":0,"1":1,"2":1},"b":{"0":[0,1],"1":[2,0]},"_coverageSchema":"1a1c01bbd47fc00a2c39e90264f33305004495a9","hash":"92d56aa2d396ac2d7b927f2f5c4de89694abf3a4"}
,"C:\\Users\\rafiu\\Documents\\housefinder\\backend\\swagger.js": {"path":"C:\\Users\\rafiu\\Documents\\housefinder\\backend\\swagger.js","statementMap":{"0":{"start":{"line":1,"column":16},"end":{"line":1,"column":34}},"1":{"start":{"line":2,"column":18},"end":{"line":2,"column":47}},"2":{"start":{"line":3,"column":24},"end":{"line":3,"column":49}},"3":{"start":{"line":4,"column":16},"end":{"line":4,"column":92}},"4":{"start":{"line":7,"column":4},"end":{"line":10,"column":5}},"5":{"start":{"line":8,"column":8},"end":{"line":8,"column":48}},"6":{"start":{"line":9,"column":8},"end":{"line":9,"column":43}},"7":{"start":{"line":11,"column":4},"end":{"line":22,"column":6}},"8":{"start":{"line":25,"column":0},"end":{"line":25,"column":31}}},"fnMap":{"0":{"name":"swaggerConfig","decl":{"start":{"line":6,"column":9},"end":{"line":6,"column":22}},"loc":{"start":{"line":6,"column":28},"end":{"line":23,"column":1}},"line":6}},"branchMap":{"0":{"loc":{"start":{"line":7,"column":4},"end":{"line":10,"column":5}},"type":"if","locations":[{"start":{"line":7,"column":4},"end":{"line":10,"column":5}},{"start":{},"end":{}}],"line":7}},"s":{"0":2,"1":2,"2":2,"3":2,"4":2,"5":2,"6":2,"7":2,"8":2},"f":{"0":2},"b":{"0":[2,0]},"_coverageSchema":"1a1c01bbd47fc00a2c39e90264f33305004495a9","hash":"b67f5141e212fb378e6fadf23e73078a1ac008c1"}
,"C:\\Users\\rafiu\\Documents\\housefinder\\backend\\controllers\\annuncio.js": {"path":"C:\\Users\\rafiu\\Documents\\housefinder\\backend\\controllers\\annuncio.js","statementMap":{"0":{"start":{"line":1,"column":17},"end":{"line":1,"column":46}},"1":{"start":{"line":2,"column":15},"end":{"line":2,"column":42}},"2":{"start":{"line":5,"column":20},"end":{"line":24,"column":1}},"3":{"start":{"line":6,"column":1},"end":{"line":23,"column":7}},"4":{"start":{"line":7,"column":2},"end":{"line":22,"column":6}},"5":{"start":{"line":8,"column":12},"end":{"line":11,"column":6}},"6":{"start":{"line":12,"column":13},"end":{"line":22,"column":6}},"7":{"start":{"line":13,"column":3},"end":{"line":16,"column":6}},"8":{"start":{"line":18,"column":12},"end":{"line":22,"column":6}},"9":{"start":{"line":27,"column":21},"end":{"line":46,"column":1}},"10":{"start":{"line":28,"column":4},"end":{"line":45,"column":7}},"11":{"start":{"line":29,"column":2},"end":{"line":44,"column":6}},"12":{"start":{"line":30,"column":12},"end":{"line":33,"column":6}},"13":{"start":{"line":34,"column":13},"end":{"line":44,"column":6}},"14":{"start":{"line":35,"column":3},"end":{"line":38,"column":6}},"15":{"start":{"line":40,"column":3},"end":{"line":44,"column":6}},"16":{"start":{"line":49,"column":23},"end":{"line":87,"column":1}},"17":{"start":{"line":50,"column":1},"end":{"line":86,"column":4}},"18":{"start":{"line":51,"column":2},"end":{"line":60,"column":6}},"19":{"start":{"line":52,"column":3},"end":{"line":55,"column":6}},"20":{"start":{"line":56,"column":7},"end":{"line":60,"column":6}},"21":{"start":{"line":57,"column":3},"end":{"line":60,"column":6}},"22":{"start":{"line":63,"column":2},"end":{"line":67,"column":6}},"23":{"start":{"line":64,"column":3},"end":{"line":67,"column":6}},"24":{"start":{"line":69,"column":2},"end":{"line":85,"column":5}},"25":{"start":{"line":70,"column":3},"end":{"line":84,"column":7}},"26":{"start":{"line":71,"column":4},"end":{"line":74,"column":7}},"27":{"start":{"line":75,"column":8},"end":{"line":84,"column":7}},"28":{"start":{"line":76,"column":4},"end":{"line":79,"column":7}},"29":{"start":{"line":81,"column":4},"end":{"line":84,"column":7}},"30":{"start":{"line":90,"column":24},"end":{"line":90,"column":34}},"31":{"start":{"line":91,"column":1},"end":{"line":91,"column":81}},"32":{"start":{"line":92,"column":1},"end":{"line":92,"column":25}},"33":{"start":{"line":96,"column":26},"end":{"line":163,"column":1}},"34":{"start":{"line":110,"column":5},"end":{"line":110,"column":13}},"35":{"start":{"line":111,"column":24},"end":{"line":111,"column":55}},"36":{"start":{"line":113,"column":1},"end":{"line":122,"column":5}},"37":{"start":{"line":119,"column":2},"end":{"line":122,"column":5}},"38":{"start":{"line":123,"column":1},"end":{"line":127,"column":5}},"39":{"start":{"line":124,"column":2},"end":{"line":127,"column":5}},"40":{"start":{"line":129,"column":23},"end":{"line":144,"column":3}},"41":{"start":{"line":147,"column":1},"end":{"line":153,"column":4}},"42":{"start":{"line":148,"column":2},"end":{"line":152,"column":6}},"43":{"start":{"line":149,"column":3},"end":{"line":152,"column":6}},"44":{"start":{"line":156,"column":14},"end":{"line":156,"column":43}},"45":{"start":{"line":157,"column":1},"end":{"line":157,"column":49}},"46":{"start":{"line":158,"column":1},"end":{"line":158,"column":19}},"47":{"start":{"line":159,"column":1},"end":{"line":162,"column":4}},"48":{"start":{"line":166,"column":26},"end":{"line":221,"column":1}},"49":{"start":{"line":167,"column":16},"end":{"line":167,"column":26}},"50":{"start":{"line":179,"column":5},"end":{"line":179,"column":13}},"51":{"start":{"line":180,"column":24},"end":{"line":180,"column":55}},"52":{"start":{"line":181,"column":15},"end":{"line":184,"column":2}},"53":{"start":{"line":186,"column":1},"end":{"line":220,"column":7}},"54":{"start":{"line":188,"column":5},"end":{"line":192,"column":6}},"55":{"start":{"line":189,"column":9},"end":{"line":192,"column":6}},"56":{"start":{"line":195,"column":5},"end":{"line":195,"column":43}},"57":{"start":{"line":196,"column":5},"end":{"line":196,"column":67}},"58":{"start":{"line":197,"column":5},"end":{"line":197,"column":70}},"59":{"start":{"line":198,"column":5},"end":{"line":198,"column":49}},"60":{"start":{"line":199,"column":5},"end":{"line":199,"column":73}},"61":{"start":{"line":200,"column":5},"end":{"line":200,"column":49}},"62":{"start":{"line":201,"column":5},"end":{"line":201,"column":82}},"63":{"start":{"line":202,"column":5},"end":{"line":202,"column":58}},"64":{"start":{"line":203,"column":5},"end":{"line":203,"column":55}},"65":{"start":{"line":204,"column":2},"end":{"line":204,"column":67}},"66":{"start":{"line":207,"column":5},"end":{"line":207,"column":21}},"67":{"start":{"line":210,"column":5},"end":{"line":213,"column":5}},"68":{"start":{"line":216,"column":5},"end":{"line":219,"column":5}},"69":{"start":{"line":224,"column":25},"end":{"line":252,"column":1}},"70":{"start":{"line":225,"column":12},"end":{"line":225,"column":25}},"71":{"start":{"line":226,"column":4},"end":{"line":251,"column":7}},"72":{"start":{"line":227,"column":8},"end":{"line":250,"column":3}},"73":{"start":{"line":228,"column":12},"end":{"line":231,"column":6}},"74":{"start":{"line":232,"column":13},"end":{"line":250,"column":3}},"75":{"start":{"line":233,"column":12},"end":{"line":236,"column":6}},"76":{"start":{"line":239,"column":12},"end":{"line":245,"column":15}},"77":{"start":{"line":240,"column":16},"end":{"line":244,"column":8}},"78":{"start":{"line":241,"column":20},"end":{"line":244,"column":8}},"79":{"start":{"line":246,"column":12},"end":{"line":249,"column":6}},"80":{"start":{"line":255,"column":33},"end":{"line":274,"column":1}},"81":{"start":{"line":256,"column":16},"end":{"line":256,"column":26}},"82":{"start":{"line":257,"column":4},"end":{"line":273,"column":4}},"83":{"start":{"line":258,"column":2},"end":{"line":272,"column":6}},"84":{"start":{"line":259,"column":3},"end":{"line":262,"column":6}},"85":{"start":{"line":263,"column":7},"end":{"line":272,"column":6}},"86":{"start":{"line":264,"column":3},"end":{"line":267,"column":6}},"87":{"start":{"line":269,"column":3},"end":{"line":272,"column":6}},"88":{"start":{"line":276,"column":18},"end":{"line":290,"column":1}},"89":{"start":{"line":277,"column":25},"end":{"line":277,"column":33}},"90":{"start":{"line":279,"column":1},"end":{"line":284,"column":2}},"91":{"start":{"line":280,"column":2},"end":{"line":283,"column":5}},"92":{"start":{"line":286,"column":1},"end":{"line":289,"column":4}},"93":{"start":{"line":292,"column":0},"end":{"line":301,"column":2}}},"fnMap":{"0":{"name":"(anonymous_0)","decl":{"start":{"line":5,"column":20},"end":{"line":5,"column":21}},"loc":{"start":{"line":5,"column":40},"end":{"line":24,"column":1}},"line":5},"1":{"name":"(anonymous_1)","decl":{"start":{"line":6,"column":20},"end":{"line":6,"column":21}},"loc":{"start":{"line":6,"column":35},"end":{"line":23,"column":5}},"line":6},"2":{"name":"(anonymous_2)","decl":{"start":{"line":27,"column":21},"end":{"line":27,"column":22}},"loc":{"start":{"line":27,"column":35},"end":{"line":46,"column":1}},"line":27},"3":{"name":"(anonymous_3)","decl":{"start":{"line":28,"column":45},"end":{"line":28,"column":46}},"loc":{"start":{"line":28,"column":60},"end":{"line":45,"column":5}},"line":28},"4":{"name":"(anonymous_4)","decl":{"start":{"line":49,"column":23},"end":{"line":49,"column":24}},"loc":{"start":{"line":49,"column":43},"end":{"line":87,"column":1}},"line":49},"5":{"name":"(anonymous_5)","decl":{"start":{"line":50,"column":44},"end":{"line":50,"column":45}},"loc":{"start":{"line":50,"column":59},"end":{"line":86,"column":2}},"line":50},"6":{"name":"(anonymous_6)","decl":{"start":{"line":69,"column":101},"end":{"line":69,"column":102}},"loc":{"start":{"line":69,"column":116},"end":{"line":85,"column":3}},"line":69},"7":{"name":"calcola_vetrina","decl":{"start":{"line":89,"column":9},"end":{"line":89,"column":24}},"loc":{"start":{"line":89,"column":41},"end":{"line":93,"column":1}},"line":89},"8":{"name":"(anonymous_8)","decl":{"start":{"line":96,"column":26},"end":{"line":96,"column":27}},"loc":{"start":{"line":96,"column":46},"end":{"line":163,"column":1}},"line":96},"9":{"name":"(anonymous_9)","decl":{"start":{"line":147,"column":20},"end":{"line":147,"column":21}},"loc":{"start":{"line":147,"column":29},"end":{"line":153,"column":2}},"line":147},"10":{"name":"(anonymous_10)","decl":{"start":{"line":166,"column":26},"end":{"line":166,"column":27}},"loc":{"start":{"line":166,"column":46},"end":{"line":221,"column":1}},"line":166},"11":{"name":"(anonymous_11)","decl":{"start":{"line":187,"column":10},"end":{"line":187,"column":11}},"loc":{"start":{"line":187,"column":24},"end":{"line":208,"column":5}},"line":187},"12":{"name":"(anonymous_12)","decl":{"start":{"line":209,"column":10},"end":{"line":209,"column":11}},"loc":{"start":{"line":209,"column":16},"end":{"line":214,"column":5}},"line":209},"13":{"name":"(anonymous_13)","decl":{"start":{"line":215,"column":11},"end":{"line":215,"column":12}},"loc":{"start":{"line":215,"column":20},"end":{"line":220,"column":5}},"line":215},"14":{"name":"(anonymous_14)","decl":{"start":{"line":224,"column":25},"end":{"line":224,"column":26}},"loc":{"start":{"line":224,"column":39},"end":{"line":252,"column":1}},"line":224},"15":{"name":"(anonymous_15)","decl":{"start":{"line":226,"column":43},"end":{"line":226,"column":44}},"loc":{"start":{"line":226,"column":58},"end":{"line":251,"column":5}},"line":226},"16":{"name":"(anonymous_16)","decl":{"start":{"line":239,"column":114},"end":{"line":239,"column":115}},"loc":{"start":{"line":239,"column":129},"end":{"line":245,"column":13}},"line":239},"17":{"name":"(anonymous_17)","decl":{"start":{"line":255,"column":33},"end":{"line":255,"column":34}},"loc":{"start":{"line":255,"column":53},"end":{"line":274,"column":1}},"line":255},"18":{"name":"(anonymous_18)","decl":{"start":{"line":257,"column":92},"end":{"line":257,"column":93}},"loc":{"start":{"line":257,"column":107},"end":{"line":273,"column":2}},"line":257},"19":{"name":"(anonymous_19)","decl":{"start":{"line":276,"column":18},"end":{"line":276,"column":19}},"loc":{"start":{"line":276,"column":38},"end":{"line":290,"column":1}},"line":276}},"branchMap":{"0":{"loc":{"start":{"line":7,"column":2},"end":{"line":22,"column":6}},"type":"if","locations":[{"start":{"line":7,"column":2},"end":{"line":22,"column":6}},{"start":{"line":12,"column":13},"end":{"line":22,"column":6}}],"line":7},"1":{"loc":{"start":{"line":12,"column":13},"end":{"line":22,"column":6}},"type":"if","locations":[{"start":{"line":12,"column":13},"end":{"line":22,"column":6}},{"start":{"line":18,"column":12},"end":{"line":22,"column":6}}],"line":12},"2":{"loc":{"start":{"line":29,"column":2},"end":{"line":44,"column":6}},"type":"if","locations":[{"start":{"line":29,"column":2},"end":{"line":44,"column":6}},{"start":{"line":34,"column":13},"end":{"line":44,"column":6}}],"line":29},"3":{"loc":{"start":{"line":34,"column":13},"end":{"line":44,"column":6}},"type":"if","locations":[{"start":{"line":34,"column":13},"end":{"line":44,"column":6}},{"start":{"line":40,"column":3},"end":{"line":44,"column":6}}],"line":34},"4":{"loc":{"start":{"line":51,"column":2},"end":{"line":60,"column":6}},"type":"if","locations":[{"start":{"line":51,"column":2},"end":{"line":60,"column":6}},{"start":{"line":56,"column":7},"end":{"line":60,"column":6}}],"line":51},"5":{"loc":{"start":{"line":56,"column":7},"end":{"line":60,"column":6}},"type":"if","locations":[{"start":{"line":56,"column":7},"end":{"line":60,"column":6}},{"start":{},"end":{}}],"line":56},"6":{"loc":{"start":{"line":63,"column":2},"end":{"line":67,"column":6}},"type":"if","locations":[{"start":{"line":63,"column":2},"end":{"line":67,"column":6}},{"start":{},"end":{}}],"line":63},"7":{"loc":{"start":{"line":70,"column":3},"end":{"line":84,"column":7}},"type":"if","locations":[{"start":{"line":70,"column":3},"end":{"line":84,"column":7}},{"start":{"line":75,"column":8},"end":{"line":84,"column":7}}],"line":70},"8":{"loc":{"start":{"line":75,"column":8},"end":{"line":84,"column":7}},"type":"if","locations":[{"start":{"line":75,"column":8},"end":{"line":84,"column":7}},{"start":{"line":81,"column":4},"end":{"line":84,"column":7}}],"line":75},"9":{"loc":{"start":{"line":113,"column":1},"end":{"line":122,"column":5}},"type":"if","locations":[{"start":{"line":113,"column":1},"end":{"line":122,"column":5}},{"start":{},"end":{}}],"line":113},"10":{"loc":{"start":{"line":113,"column":7},"end":{"line":118,"column":11}},"type":"binary-expr","locations":[{"start":{"line":113,"column":7},"end":{"line":113,"column":19}},{"start":{"line":114,"column":2},"end":{"line":114,"column":15}},{"start":{"line":115,"column":2},"end":{"line":115,"column":16}},{"start":{"line":116,"column":2},"end":{"line":116,"column":8}},{"start":{"line":117,"column":2},"end":{"line":117,"column":19}},{"start":{"line":118,"column":2},"end":{"line":118,"column":11}}],"line":113},"11":{"loc":{"start":{"line":123,"column":1},"end":{"line":127,"column":5}},"type":"if","locations":[{"start":{"line":123,"column":1},"end":{"line":127,"column":5}},{"start":{},"end":{}}],"line":123},"12":{"loc":{"start":{"line":148,"column":2},"end":{"line":152,"column":6}},"type":"if","locations":[{"start":{"line":148,"column":2},"end":{"line":152,"column":6}},{"start":{},"end":{}}],"line":148},"13":{"loc":{"start":{"line":188,"column":5},"end":{"line":192,"column":6}},"type":"if","locations":[{"start":{"line":188,"column":5},"end":{"line":192,"column":6}},{"start":{},"end":{}}],"line":188},"14":{"loc":{"start":{"line":195,"column":21},"end":{"line":195,"column":42}},"type":"binary-expr","locations":[{"start":{"line":195,"column":21},"end":{"line":195,"column":25}},{"start":{"line":195,"column":29},"end":{"line":195,"column":42}}],"line":195},"15":{"loc":{"start":{"line":196,"column":29},"end":{"line":196,"column":66}},"type":"binary-expr","locations":[{"start":{"line":196,"column":29},"end":{"line":196,"column":41}},{"start":{"line":196,"column":45},"end":{"line":196,"column":66}}],"line":196},"16":{"loc":{"start":{"line":197,"column":30},"end":{"line":197,"column":69}},"type":"binary-expr","locations":[{"start":{"line":197,"column":30},"end":{"line":197,"column":43}},{"start":{"line":197,"column":47},"end":{"line":197,"column":69}}],"line":197},"17":{"loc":{"start":{"line":198,"column":23},"end":{"line":198,"column":48}},"type":"binary-expr","locations":[{"start":{"line":198,"column":23},"end":{"line":198,"column":29}},{"start":{"line":198,"column":33},"end":{"line":198,"column":48}}],"line":198},"18":{"loc":{"start":{"line":199,"column":31},"end":{"line":199,"column":72}},"type":"binary-expr","locations":[{"start":{"line":199,"column":31},"end":{"line":199,"column":45}},{"start":{"line":199,"column":49},"end":{"line":199,"column":72}}],"line":199},"19":{"loc":{"start":{"line":200,"column":23},"end":{"line":200,"column":48}},"type":"binary-expr","locations":[{"start":{"line":200,"column":23},"end":{"line":200,"column":29}},{"start":{"line":200,"column":33},"end":{"line":200,"column":48}}],"line":200},"20":{"loc":{"start":{"line":201,"column":34},"end":{"line":201,"column":81}},"type":"binary-expr","locations":[{"start":{"line":201,"column":34},"end":{"line":201,"column":51}},{"start":{"line":201,"column":55},"end":{"line":201,"column":81}}],"line":201},"21":{"loc":{"start":{"line":202,"column":26},"end":{"line":202,"column":57}},"type":"binary-expr","locations":[{"start":{"line":202,"column":26},"end":{"line":202,"column":35}},{"start":{"line":202,"column":39},"end":{"line":202,"column":57}}],"line":202},"22":{"loc":{"start":{"line":203,"column":25},"end":{"line":203,"column":54}},"type":"binary-expr","locations":[{"start":{"line":203,"column":25},"end":{"line":203,"column":33}},{"start":{"line":203,"column":37},"end":{"line":203,"column":54}}],"line":203},"23":{"loc":{"start":{"line":204,"column":21},"end":{"line":204,"column":66}},"type":"cond-expr","locations":[{"start":{"line":204,"column":40},"end":{"line":204,"column":47}},{"start":{"line":204,"column":50},"end":{"line":204,"column":66}}],"line":204},"24":{"loc":{"start":{"line":227,"column":8},"end":{"line":250,"column":3}},"type":"if","locations":[{"start":{"line":227,"column":8},"end":{"line":250,"column":3}},{"start":{"line":232,"column":13},"end":{"line":250,"column":3}}],"line":227},"25":{"loc":{"start":{"line":232,"column":13},"end":{"line":250,"column":3}},"type":"if","locations":[{"start":{"line":232,"column":13},"end":{"line":250,"column":3}},{"start":{"line":237,"column":7},"end":{"line":250,"column":3}}],"line":232},"26":{"loc":{"start":{"line":240,"column":16},"end":{"line":244,"column":8}},"type":"if","locations":[{"start":{"line":240,"column":16},"end":{"line":244,"column":8}},{"start":{},"end":{}}],"line":240},"27":{"loc":{"start":{"line":258,"column":2},"end":{"line":272,"column":6}},"type":"if","locations":[{"start":{"line":258,"column":2},"end":{"line":272,"column":6}},{"start":{"line":263,"column":7},"end":{"line":272,"column":6}}],"line":258},"28":{"loc":{"start":{"line":263,"column":7},"end":{"line":272,"column":6}},"type":"if","locations":[{"start":{"line":263,"column":7},"end":{"line":272,"column":6}},{"start":{"line":269,"column":3},"end":{"line":272,"column":6}}],"line":263},"29":{"loc":{"start":{"line":279,"column":1},"end":{"line":284,"column":2}},"type":"if","locations":[{"start":{"line":279,"column":1},"end":{"line":284,"column":2}},{"start":{},"end":{}}],"line":279}},"s":{"0":2,"1":2,"2":2,"3":0,"4":0,"5":0,"6":0,"7":0,"8":0,"9":2,"10":0,"11":0,"12":0,"13":0,"14":0,"15":0,"16":2,"17":0,"18":0,"19":0,"20":0,"21":0,"22":0,"23":0,"24":0,"25":0,"26":0,"27":0,"28":0,"29":0,"30":0,"31":0,"32":0,"33":2,"34":0,"35":0,"36":0,"37":0,"38":0,"39":0,"40":0,"41":0,"42":0,"43":0,"44":0,"45":0,"46":0,"47":0,"48":2,"49":0,"50":0,"51":0,"52":0,"53":0,"54":0,"55":0,"56":0,"57":0,"58":0,"59":0,"60":0,"61":0,"62":0,"63":0,"64":0,"65":0,"66":0,"67":0,"68":0,"69":2,"70":0,"71":0,"72":0,"73":0,"74":0,"75":0,"76":0,"77":0,"78":0,"79":0,"80":2,"81":0,"82":0,"83":0,"84":0,"85":0,"86":0,"87":0,"88":2,"89":0,"90":0,"91":0,"92":0,"93":2},"f":{"0":0,"1":0,"2":0,"3":0,"4":0,"5":0,"6":0,"7":0,"8":0,"9":0,"10":0,"11":0,"12":0,"13":0,"14":0,"15":0,"16":0,"17":0,"18":0,"19":0},"b":{"0":[0,0],"1":[0,0],"2":[0,0],"3":[0,0],"4":[0,0],"5":[0,0],"6":[0,0],"7":[0,0],"8":[0,0],"9":[0,0],"10":[0,0,0,0,0,0],"11":[0,0],"12":[0,0],"13":[0,0],"14":[0,0],"15":[0,0],"16":[0,0],"17":[0,0],"18":[0,0],"19":[0,0],"20":[0,0],"21":[0,0],"22":[0,0],"23":[0,0],"24":[0,0],"25":[0,0],"26":[0,0],"27":[0,0],"28":[0,0],"29":[0,0]},"_coverageSchema":"1a1c01bbd47fc00a2c39e90264f33305004495a9","hash":"7f3d0b4f8460bb9bc09613b002de70c5c2ac5e6b"}
,"C:\\Users\\rafiu\\Documents\\housefinder\\backend\\controllers\\chat.js": {"path":"C:\\Users\\rafiu\\Documents\\housefinder\\backend\\controllers\\chat.js","statementMap":{"0":{"start":{"line":1,"column":13},"end":{"line":1,"column":38}},"1":{"start":{"line":2,"column":15},"end":{"line":2,"column":42}},"2":{"start":{"line":4,"column":18},"end":{"line":50,"column":1}},"3":{"start":{"line":5,"column":58},"end":{"line":5,"column":66}},"4":{"start":{"line":7,"column":4},"end":{"line":11,"column":11}},"5":{"start":{"line":8,"column":2},"end":{"line":11,"column":11}},"6":{"start":{"line":13,"column":15},"end":{"line":13,"column":108}},"7":{"start":{"line":15,"column":4},"end":{"line":48,"column":5}},"8":{"start":{"line":16,"column":8},"end":{"line":19,"column":11}},"9":{"start":{"line":21,"column":26},"end":{"line":25,"column":10}},"10":{"start":{"line":28,"column":8},"end":{"line":34,"column":11}},"11":{"start":{"line":29,"column":12},"end":{"line":33,"column":19}},"12":{"start":{"line":30,"column":16},"end":{"line":33,"column":19}},"13":{"start":{"line":37,"column":25},"end":{"line":37,"column":59}},"14":{"start":{"line":38,"column":8},"end":{"line":38,"column":48}},"15":{"start":{"line":39,"column":8},"end":{"line":39,"column":30}},"16":{"start":{"line":41,"column":25},"end":{"line":41,"column":63}},"17":{"start":{"line":42,"column":8},"end":{"line":42,"column":48}},"18":{"start":{"line":43,"column":8},"end":{"line":43,"column":30}},"19":{"start":{"line":44,"column":8},"end":{"line":47,"column":11}},"20":{"start":{"line":52,"column":17},"end":{"line":72,"column":1}},"21":{"start":{"line":53,"column":19},"end":{"line":53,"column":29}},"22":{"start":{"line":54,"column":1},"end":{"line":71,"column":7}},"23":{"start":{"line":55,"column":2},"end":{"line":70,"column":15}},"24":{"start":{"line":56,"column":12},"end":{"line":59,"column":15}},"25":{"start":{"line":60,"column":13},"end":{"line":70,"column":15}},"26":{"start":{"line":61,"column":3},"end":{"line":64,"column":15}},"27":{"start":{"line":66,"column":3},"end":{"line":70,"column":15}},"28":{"start":{"line":74,"column":0},"end":{"line":77,"column":2}}},"fnMap":{"0":{"name":"(anonymous_0)","decl":{"start":{"line":4,"column":18},"end":{"line":4,"column":19}},"loc":{"start":{"line":4,"column":38},"end":{"line":50,"column":1}},"line":4},"1":{"name":"(anonymous_1)","decl":{"start":{"line":28,"column":23},"end":{"line":28,"column":24}},"loc":{"start":{"line":28,"column":32},"end":{"line":34,"column":9}},"line":28},"2":{"name":"(anonymous_2)","decl":{"start":{"line":52,"column":17},"end":{"line":52,"column":18}},"loc":{"start":{"line":52,"column":37},"end":{"line":72,"column":1}},"line":52},"3":{"name":"(anonymous_3)","decl":{"start":{"line":54,"column":27},"end":{"line":54,"column":28}},"loc":{"start":{"line":54,"column":42},"end":{"line":71,"column":5}},"line":54}},"branchMap":{"0":{"loc":{"start":{"line":7,"column":4},"end":{"line":11,"column":11}},"type":"if","locations":[{"start":{"line":7,"column":4},"end":{"line":11,"column":11}},{"start":{},"end":{}}],"line":7},"1":{"loc":{"start":{"line":15,"column":4},"end":{"line":48,"column":5}},"type":"if","locations":[{"start":{"line":15,"column":4},"end":{"line":48,"column":5}},{"start":{"line":20,"column":9},"end":{"line":48,"column":5}}],"line":15},"2":{"loc":{"start":{"line":29,"column":12},"end":{"line":33,"column":19}},"type":"if","locations":[{"start":{"line":29,"column":12},"end":{"line":33,"column":19}},{"start":{},"end":{}}],"line":29},"3":{"loc":{"start":{"line":55,"column":2},"end":{"line":70,"column":15}},"type":"if","locations":[{"start":{"line":55,"column":2},"end":{"line":70,"column":15}},{"start":{"line":60,"column":13},"end":{"line":70,"column":15}}],"line":55},"4":{"loc":{"start":{"line":60,"column":13},"end":{"line":70,"column":15}},"type":"if","locations":[{"start":{"line":60,"column":13},"end":{"line":70,"column":15}},{"start":{"line":66,"column":3},"end":{"line":70,"column":15}}],"line":60}},"s":{"0":2,"1":2,"2":2,"3":0,"4":0,"5":0,"6":0,"7":0,"8":0,"9":0,"10":0,"11":0,"12":0,"13":0,"14":0,"15":0,"16":0,"17":0,"18":0,"19":0,"20":2,"21":0,"22":0,"23":0,"24":0,"25":0,"26":0,"27":0,"28":2},"f":{"0":0,"1":0,"2":0,"3":0},"b":{"0":[0,0],"1":[0,0],"2":[0,0],"3":[0,0],"4":[0,0]},"_coverageSchema":"1a1c01bbd47fc00a2c39e90264f33305004495a9","hash":"431f5d8b498f788a41e8c2ae822a8687f8fda53f"}
,"C:\\Users\\rafiu\\Documents\\housefinder\\backend\\controllers\\messaggio.js": {"path":"C:\\Users\\rafiu\\Documents\\housefinder\\backend\\controllers\\messaggio.js","statementMap":{"0":{"start":{"line":1,"column":18},"end":{"line":1,"column":48}},"1":{"start":{"line":2,"column":13},"end":{"line":2,"column":38}},"2":{"start":{"line":4,"column":24},"end":{"line":46,"column":1}},"3":{"start":{"line":5,"column":32},"end":{"line":5,"column":40}},"4":{"start":{"line":7,"column":21},"end":{"line":7,"column":38}},"5":{"start":{"line":9,"column":15},"end":{"line":9,"column":25}},"6":{"start":{"line":11,"column":4},"end":{"line":15,"column":5}},"7":{"start":{"line":12,"column":2},"end":{"line":15,"column":5}},"8":{"start":{"line":17,"column":24},"end":{"line":21,"column":3}},"9":{"start":{"line":24,"column":1},"end":{"line":30,"column":4}},"10":{"start":{"line":25,"column":2},"end":{"line":29,"column":6}},"11":{"start":{"line":26,"column":3},"end":{"line":29,"column":6}},"12":{"start":{"line":33,"column":14},"end":{"line":33,"column":42}},"13":{"start":{"line":34,"column":1},"end":{"line":39,"column":2}},"14":{"start":{"line":35,"column":2},"end":{"line":38,"column":5}},"15":{"start":{"line":40,"column":1},"end":{"line":40,"column":40}},"16":{"start":{"line":41,"column":1},"end":{"line":41,"column":19}},"17":{"start":{"line":42,"column":4},"end":{"line":45,"column":4}},"18":{"start":{"line":48,"column":0},"end":{"line":50,"column":2}}},"fnMap":{"0":{"name":"(anonymous_0)","decl":{"start":{"line":4,"column":24},"end":{"line":4,"column":25}},"loc":{"start":{"line":4,"column":44},"end":{"line":46,"column":1}},"line":4},"1":{"name":"(anonymous_1)","decl":{"start":{"line":24,"column":21},"end":{"line":24,"column":22}},"loc":{"start":{"line":24,"column":30},"end":{"line":30,"column":2}},"line":24}},"branchMap":{"0":{"loc":{"start":{"line":11,"column":4},"end":{"line":15,"column":5}},"type":"if","locations":[{"start":{"line":11,"column":4},"end":{"line":15,"column":5}},{"start":{},"end":{}}],"line":11},"1":{"loc":{"start":{"line":25,"column":2},"end":{"line":29,"column":6}},"type":"if","locations":[{"start":{"line":25,"column":2},"end":{"line":29,"column":6}},{"start":{},"end":{}}],"line":25},"2":{"loc":{"start":{"line":34,"column":1},"end":{"line":39,"column":2}},"type":"if","locations":[{"start":{"line":34,"column":1},"end":{"line":39,"column":2}},{"start":{},"end":{}}],"line":34}},"s":{"0":2,"1":2,"2":2,"3":0,"4":0,"5":0,"6":0,"7":0,"8":0,"9":0,"10":0,"11":0,"12":0,"13":0,"14":0,"15":0,"16":0,"17":0,"18":2},"f":{"0":0,"1":0},"b":{"0":[0,0],"1":[0,0],"2":[0,0]},"_coverageSchema":"1a1c01bbd47fc00a2c39e90264f33305004495a9","hash":"69d8e3f5a89375bc69f4e8ad463b8dbf03e91477"}
,"C:\\Users\\rafiu\\Documents\\housefinder\\backend\\controllers\\ricerca.js": {"path":"C:\\Users\\rafiu\\Documents\\housefinder\\backend\\controllers\\ricerca.js","statementMap":{"0":{"start":{"line":1,"column":15},"end":{"line":1,"column":42}},"1":{"start":{"line":2,"column":17},"end":{"line":2,"column":46}},"2":{"start":{"line":3,"column":16},"end":{"line":3,"column":44}},"3":{"start":{"line":5,"column":24},"end":{"line":86,"column":1}},"4":{"start":{"line":14,"column":5},"end":{"line":14,"column":14}},"5":{"start":{"line":15,"column":16},"end":{"line":15,"column":18}},"6":{"start":{"line":22,"column":1},"end":{"line":27,"column":2}},"7":{"start":{"line":23,"column":2},"end":{"line":26,"column":4}},"8":{"start":{"line":29,"column":1},"end":{"line":34,"column":2}},"9":{"start":{"line":30,"column":2},"end":{"line":33,"column":4}},"10":{"start":{"line":36,"column":1},"end":{"line":41,"column":2}},"11":{"start":{"line":37,"column":2},"end":{"line":40,"column":4}},"12":{"start":{"line":43,"column":1},"end":{"line":48,"column":2}},"13":{"start":{"line":44,"column":2},"end":{"line":47,"column":4}},"14":{"start":{"line":50,"column":1},"end":{"line":55,"column":2}},"15":{"start":{"line":51,"column":2},"end":{"line":54,"column":4}},"16":{"start":{"line":62,"column":1},"end":{"line":63,"column":58}},"17":{"start":{"line":63,"column":2},"end":{"line":63,"column":58}},"18":{"start":{"line":65,"column":1},"end":{"line":66,"column":55}},"19":{"start":{"line":66,"column":2},"end":{"line":66,"column":55}},"20":{"start":{"line":68,"column":1},"end":{"line":85,"column":4}},"21":{"start":{"line":69,"column":2},"end":{"line":84,"column":6}},"22":{"start":{"line":70,"column":3},"end":{"line":73,"column":6}},"23":{"start":{"line":74,"column":7},"end":{"line":84,"column":6}},"24":{"start":{"line":75,"column":3},"end":{"line":78,"column":6}},"25":{"start":{"line":80,"column":3},"end":{"line":84,"column":6}},"26":{"start":{"line":90,"column":22},"end":{"line":144,"column":1}},"27":{"start":{"line":91,"column":12},"end":{"line":91,"column":29}},"28":{"start":{"line":100,"column":5},"end":{"line":100,"column":14}},"29":{"start":{"line":102,"column":16},"end":{"line":109,"column":2}},"30":{"start":{"line":112,"column":1},"end":{"line":112,"column":79}},"31":{"start":{"line":112,"column":36},"end":{"line":112,"column":77}},"32":{"start":{"line":114,"column":22},"end":{"line":117,"column":3}},"33":{"start":{"line":120,"column":1},"end":{"line":126,"column":4}},"34":{"start":{"line":121,"column":2},"end":{"line":125,"column":6}},"35":{"start":{"line":122,"column":3},"end":{"line":125,"column":6}},"36":{"start":{"line":128,"column":1},"end":{"line":143,"column":4}},"37":{"start":{"line":129,"column":2},"end":{"line":142,"column":6}},"38":{"start":{"line":130,"column":3},"end":{"line":133,"column":6}},"39":{"start":{"line":134,"column":7},"end":{"line":142,"column":6}},"40":{"start":{"line":135,"column":3},"end":{"line":137,"column":6}},"41":{"start":{"line":139,"column":3},"end":{"line":142,"column":6}},"42":{"start":{"line":147,"column":32},"end":{"line":166,"column":1}},"43":{"start":{"line":148,"column":16},"end":{"line":148,"column":26}},"44":{"start":{"line":149,"column":1},"end":{"line":165,"column":4}},"45":{"start":{"line":150,"column":2},"end":{"line":164,"column":6}},"46":{"start":{"line":151,"column":3},"end":{"line":154,"column":6}},"47":{"start":{"line":155,"column":7},"end":{"line":164,"column":6}},"48":{"start":{"line":156,"column":3},"end":{"line":159,"column":6}},"49":{"start":{"line":161,"column":3},"end":{"line":164,"column":6}},"50":{"start":{"line":168,"column":0},"end":{"line":172,"column":2}}},"fnMap":{"0":{"name":"(anonymous_0)","decl":{"start":{"line":5,"column":24},"end":{"line":5,"column":25}},"loc":{"start":{"line":5,"column":38},"end":{"line":86,"column":1}},"line":5},"1":{"name":"(anonymous_1)","decl":{"start":{"line":68,"column":23},"end":{"line":68,"column":24}},"loc":{"start":{"line":68,"column":38},"end":{"line":85,"column":2}},"line":68},"2":{"name":"(anonymous_2)","decl":{"start":{"line":90,"column":22},"end":{"line":90,"column":23}},"loc":{"start":{"line":90,"column":42},"end":{"line":144,"column":1}},"line":90},"3":{"name":"(anonymous_3)","decl":{"start":{"line":112,"column":29},"end":{"line":112,"column":30}},"loc":{"start":{"line":112,"column":36},"end":{"line":112,"column":77}},"line":112},"4":{"name":"(anonymous_4)","decl":{"start":{"line":120,"column":19},"end":{"line":120,"column":20}},"loc":{"start":{"line":120,"column":28},"end":{"line":126,"column":2}},"line":120},"5":{"name":"(anonymous_5)","decl":{"start":{"line":128,"column":89},"end":{"line":128,"column":90}},"loc":{"start":{"line":128,"column":104},"end":{"line":143,"column":2}},"line":128},"6":{"name":"(anonymous_6)","decl":{"start":{"line":147,"column":32},"end":{"line":147,"column":33}},"loc":{"start":{"line":147,"column":52},"end":{"line":166,"column":1}},"line":147},"7":{"name":"(anonymous_7)","decl":{"start":{"line":149,"column":90},"end":{"line":149,"column":91}},"loc":{"start":{"line":149,"column":105},"end":{"line":165,"column":2}},"line":149}},"branchMap":{"0":{"loc":{"start":{"line":22,"column":1},"end":{"line":27,"column":2}},"type":"if","locations":[{"start":{"line":22,"column":1},"end":{"line":27,"column":2}},{"start":{},"end":{}}],"line":22},"1":{"loc":{"start":{"line":29,"column":1},"end":{"line":34,"column":2}},"type":"if","locations":[{"start":{"line":29,"column":1},"end":{"line":34,"column":2}},{"start":{},"end":{}}],"line":29},"2":{"loc":{"start":{"line":36,"column":1},"end":{"line":41,"column":2}},"type":"if","locations":[{"start":{"line":36,"column":1},"end":{"line":41,"column":2}},{"start":{},"end":{}}],"line":36},"3":{"loc":{"start":{"line":43,"column":1},"end":{"line":48,"column":2}},"type":"if","locations":[{"start":{"line":43,"column":1},"end":{"line":48,"column":2}},{"start":{},"end":{}}],"line":43},"4":{"loc":{"start":{"line":50,"column":1},"end":{"line":55,"column":2}},"type":"if","locations":[{"start":{"line":50,"column":1},"end":{"line":55,"column":2}},{"start":{},"end":{}}],"line":50},"5":{"loc":{"start":{"line":62,"column":1},"end":{"line":63,"column":58}},"type":"if","locations":[{"start":{"line":62,"column":1},"end":{"line":63,"column":58}},{"start":{},"end":{}}],"line":62},"6":{"loc":{"start":{"line":65,"column":1},"end":{"line":66,"column":55}},"type":"if","locations":[{"start":{"line":65,"column":1},"end":{"line":66,"column":55}},{"start":{},"end":{}}],"line":65},"7":{"loc":{"start":{"line":66,"column":20},"end":{"line":66,"column":54}},"type":"cond-expr","locations":[{"start":{"line":66,"column":42},"end":{"line":66,"column":46}},{"start":{"line":66,"column":49},"end":{"line":66,"column":54}}],"line":66},"8":{"loc":{"start":{"line":69,"column":2},"end":{"line":84,"column":6}},"type":"if","locations":[{"start":{"line":69,"column":2},"end":{"line":84,"column":6}},{"start":{"line":74,"column":7},"end":{"line":84,"column":6}}],"line":69},"9":{"loc":{"start":{"line":74,"column":7},"end":{"line":84,"column":6}},"type":"if","locations":[{"start":{"line":74,"column":7},"end":{"line":84,"column":6}},{"start":{"line":80,"column":3},"end":{"line":84,"column":6}}],"line":74},"10":{"loc":{"start":{"line":74,"column":11},"end":{"line":74,"column":37}},"type":"binary-expr","locations":[{"start":{"line":74,"column":11},"end":{"line":74,"column":16}},{"start":{"line":74,"column":20},"end":{"line":74,"column":37}}],"line":74},"11":{"loc":{"start":{"line":112,"column":36},"end":{"line":112,"column":77}},"type":"binary-expr","locations":[{"start":{"line":112,"column":36},"end":{"line":112,"column":55}},{"start":{"line":112,"column":59},"end":{"line":112,"column":77}}],"line":112},"12":{"loc":{"start":{"line":121,"column":2},"end":{"line":125,"column":6}},"type":"if","locations":[{"start":{"line":121,"column":2},"end":{"line":125,"column":6}},{"start":{},"end":{}}],"line":121},"13":{"loc":{"start":{"line":129,"column":2},"end":{"line":142,"column":6}},"type":"if","locations":[{"start":{"line":129,"column":2},"end":{"line":142,"column":6}},{"start":{"line":134,"column":7},"end":{"line":142,"column":6}}],"line":129},"14":{"loc":{"start":{"line":134,"column":7},"end":{"line":142,"column":6}},"type":"if","locations":[{"start":{"line":134,"column":7},"end":{"line":142,"column":6}},{"start":{"line":139,"column":3},"end":{"line":142,"column":6}}],"line":134},"15":{"loc":{"start":{"line":150,"column":2},"end":{"line":164,"column":6}},"type":"if","locations":[{"start":{"line":150,"column":2},"end":{"line":164,"column":6}},{"start":{"line":155,"column":7},"end":{"line":164,"column":6}}],"line":150},"16":{"loc":{"start":{"line":155,"column":7},"end":{"line":164,"column":6}},"type":"if","locations":[{"start":{"line":155,"column":7},"end":{"line":164,"column":6}},{"start":{"line":161,"column":3},"end":{"line":164,"column":6}}],"line":155}},"s":{"0":2,"1":2,"2":2,"3":2,"4":0,"5":0,"6":0,"7":0,"8":0,"9":0,"10":0,"11":0,"12":0,"13":0,"14":0,"15":0,"16":0,"17":0,"18":0,"19":0,"20":0,"21":0,"22":0,"23":0,"24":0,"25":0,"26":2,"27":0,"28":0,"29":0,"30":0,"31":0,"32":0,"33":0,"34":0,"35":0,"36":0,"37":0,"38":0,"39":0,"40":0,"41":0,"42":2,"43":0,"44":0,"45":0,"46":0,"47":0,"48":0,"49":0,"50":2},"f":{"0":0,"1":0,"2":0,"3":0,"4":0,"5":0,"6":0,"7":0},"b":{"0":[0,0],"1":[0,0],"2":[0,0],"3":[0,0],"4":[0,0],"5":[0,0],"6":[0,0],"7":[0,0],"8":[0,0],"9":[0,0],"10":[0,0],"11":[0,0],"12":[0,0],"13":[0,0],"14":[0,0],"15":[0,0],"16":[0,0]},"_coverageSchema":"1a1c01bbd47fc00a2c39e90264f33305004495a9","hash":"85a0de65f932a346496b7c423a7a5bda3b3f348f"}
,"C:\\Users\\rafiu\\Documents\\housefinder\\backend\\controllers\\utente.js": {"path":"C:\\Users\\rafiu\\Documents\\housefinder\\backend\\controllers\\utente.js","statementMap":{"0":{"start":{"line":1,"column":15},"end":{"line":1,"column":42}},"1":{"start":{"line":2,"column":17},"end":{"line":2,"column":46}},"2":{"start":{"line":3,"column":16},"end":{"line":3,"column":44}},"3":{"start":{"line":4,"column":13},"end":{"line":4,"column":38}},"4":{"start":{"line":5,"column":12},"end":{"line":5,"column":35}},"5":{"start":{"line":6,"column":15},"end":{"line":6,"column":32}},"6":{"start":{"line":8,"column":13},"end":{"line":8,"column":85}},"7":{"start":{"line":8,"column":27},"end":{"line":8,"column":85}},"8":{"start":{"line":9,"column":17},"end":{"line":9,"column":93}},"9":{"start":{"line":9,"column":27},"end":{"line":9,"column":93}},"10":{"start":{"line":11,"column":14},"end":{"line":56,"column":1}},"11":{"start":{"line":14,"column":29},"end":{"line":14,"column":37}},"12":{"start":{"line":17,"column":1},"end":{"line":21,"column":5}},"13":{"start":{"line":18,"column":2},"end":{"line":21,"column":5}},"14":{"start":{"line":23,"column":12},"end":{"line":28,"column":3}},"15":{"start":{"line":24,"column":2},"end":{"line":27,"column":5}},"16":{"start":{"line":31,"column":1},"end":{"line":35,"column":5}},"17":{"start":{"line":32,"column":2},"end":{"line":35,"column":5}},"18":{"start":{"line":38,"column":1},"end":{"line":42,"column":5}},"19":{"start":{"line":39,"column":2},"end":{"line":42,"column":5}},"20":{"start":{"line":44,"column":15},"end":{"line":44,"column":31}},"21":{"start":{"line":45,"column":13},"end":{"line":45,"column":30}},"22":{"start":{"line":47,"column":1},"end":{"line":55,"column":4}},"23":{"start":{"line":58,"column":22},"end":{"line":114,"column":1}},"24":{"start":{"line":67,"column":5},"end":{"line":67,"column":13}},"25":{"start":{"line":69,"column":1},"end":{"line":73,"column":5}},"26":{"start":{"line":70,"column":2},"end":{"line":73,"column":5}},"27":{"start":{"line":75,"column":12},"end":{"line":80,"column":3}},"28":{"start":{"line":76,"column":2},"end":{"line":79,"column":5}},"29":{"start":{"line":83,"column":1},"end":{"line":87,"column":5}},"30":{"start":{"line":84,"column":2},"end":{"line":87,"column":5}},"31":{"start":{"line":90,"column":21},"end":{"line":100,"column":3}},"32":{"start":{"line":102,"column":1},"end":{"line":113,"column":4}},"33":{"start":{"line":103,"column":2},"end":{"line":107,"column":6}},"34":{"start":{"line":104,"column":3},"end":{"line":107,"column":6}},"35":{"start":{"line":109,"column":2},"end":{"line":112,"column":5}},"36":{"start":{"line":116,"column":15},"end":{"line":124,"column":1}},"37":{"start":{"line":120,"column":1},"end":{"line":123,"column":4}},"38":{"start":{"line":126,"column":31},"end":{"line":154,"column":1}},"39":{"start":{"line":127,"column":16},"end":{"line":127,"column":33}},"40":{"start":{"line":128,"column":1},"end":{"line":132,"column":5}},"41":{"start":{"line":129,"column":2},"end":{"line":132,"column":5}},"42":{"start":{"line":134,"column":12},"end":{"line":139,"column":3}},"43":{"start":{"line":135,"column":2},"end":{"line":138,"column":5}},"44":{"start":{"line":141,"column":1},"end":{"line":145,"column":5}},"45":{"start":{"line":142,"column":2},"end":{"line":145,"column":5}},"46":{"start":{"line":147,"column":28},"end":{"line":147,"column":90}},"47":{"start":{"line":149,"column":1},"end":{"line":153,"column":4}},"48":{"start":{"line":156,"column":28},"end":{"line":185,"column":1}},"49":{"start":{"line":157,"column":16},"end":{"line":157,"column":33}},"50":{"start":{"line":159,"column":1},"end":{"line":163,"column":5}},"51":{"start":{"line":160,"column":2},"end":{"line":163,"column":5}},"52":{"start":{"line":165,"column":12},"end":{"line":170,"column":3}},"53":{"start":{"line":166,"column":2},"end":{"line":169,"column":5}},"54":{"start":{"line":172,"column":1},"end":{"line":176,"column":5}},"55":{"start":{"line":173,"column":2},"end":{"line":176,"column":5}},"56":{"start":{"line":178,"column":25},"end":{"line":178,"column":84}},"57":{"start":{"line":180,"column":1},"end":{"line":184,"column":4}},"58":{"start":{"line":187,"column":29},"end":{"line":216,"column":1}},"59":{"start":{"line":188,"column":16},"end":{"line":188,"column":33}},"60":{"start":{"line":190,"column":1},"end":{"line":194,"column":5}},"61":{"start":{"line":191,"column":2},"end":{"line":194,"column":5}},"62":{"start":{"line":196,"column":12},"end":{"line":201,"column":3}},"63":{"start":{"line":197,"column":2},"end":{"line":200,"column":5}},"64":{"start":{"line":203,"column":1},"end":{"line":207,"column":5}},"65":{"start":{"line":204,"column":2},"end":{"line":207,"column":5}},"66":{"start":{"line":209,"column":26},"end":{"line":209,"column":85}},"67":{"start":{"line":211,"column":1},"end":{"line":215,"column":4}},"68":{"start":{"line":218,"column":17},"end":{"line":247,"column":1}},"69":{"start":{"line":219,"column":16},"end":{"line":219,"column":33}},"70":{"start":{"line":221,"column":1},"end":{"line":225,"column":5}},"71":{"start":{"line":222,"column":2},"end":{"line":225,"column":5}},"72":{"start":{"line":227,"column":12},"end":{"line":232,"column":3}},"73":{"start":{"line":228,"column":2},"end":{"line":231,"column":5}},"74":{"start":{"line":234,"column":1},"end":{"line":238,"column":5}},"75":{"start":{"line":235,"column":2},"end":{"line":238,"column":5}},"76":{"start":{"line":240,"column":20},"end":{"line":240,"column":70}},"77":{"start":{"line":242,"column":1},"end":{"line":246,"column":4}},"78":{"start":{"line":249,"column":25},"end":{"line":292,"column":1}},"79":{"start":{"line":250,"column":16},"end":{"line":250,"column":29}},"80":{"start":{"line":258,"column":5},"end":{"line":258,"column":13}},"81":{"start":{"line":261,"column":1},"end":{"line":291,"column":5}},"82":{"start":{"line":263,"column":3},"end":{"line":267,"column":7}},"83":{"start":{"line":264,"column":4},"end":{"line":267,"column":7}},"84":{"start":{"line":270,"column":3},"end":{"line":270,"column":37}},"85":{"start":{"line":271,"column":3},"end":{"line":271,"column":46}},"86":{"start":{"line":272,"column":3},"end":{"line":272,"column":61}},"87":{"start":{"line":273,"column":3},"end":{"line":273,"column":55}},"88":{"start":{"line":274,"column":3},"end":{"line":274,"column":40}},"89":{"start":{"line":275,"column":3},"end":{"line":275,"column":55}},"90":{"start":{"line":278,"column":3},"end":{"line":278,"column":17}},"91":{"start":{"line":281,"column":3},"end":{"line":284,"column":6}},"92":{"start":{"line":287,"column":3},"end":{"line":290,"column":6}},"93":{"start":{"line":294,"column":25},"end":{"line":328,"column":1}},"94":{"start":{"line":295,"column":16},"end":{"line":295,"column":29}},"95":{"start":{"line":296,"column":12},"end":{"line":301,"column":3}},"96":{"start":{"line":297,"column":2},"end":{"line":300,"column":5}},"97":{"start":{"line":304,"column":1},"end":{"line":309,"column":4}},"98":{"start":{"line":305,"column":2},"end":{"line":308,"column":6}},"99":{"start":{"line":306,"column":3},"end":{"line":308,"column":6}},"100":{"start":{"line":311,"column":1},"end":{"line":327,"column":4}},"101":{"start":{"line":312,"column":2},"end":{"line":326,"column":6}},"102":{"start":{"line":313,"column":3},"end":{"line":316,"column":6}},"103":{"start":{"line":317,"column":7},"end":{"line":326,"column":6}},"104":{"start":{"line":318,"column":3},"end":{"line":321,"column":6}},"105":{"start":{"line":323,"column":3},"end":{"line":326,"column":6}},"106":{"start":{"line":330,"column":26},"end":{"line":339,"column":1}},"107":{"start":{"line":331,"column":29},"end":{"line":331,"column":37}},"108":{"start":{"line":335,"column":1},"end":{"line":338,"column":4}},"109":{"start":{"line":341,"column":0},"end":{"line":352,"column":2}}},"fnMap":{"0":{"name":"(anonymous_0)","decl":{"start":{"line":8,"column":13},"end":{"line":8,"column":14}},"loc":{"start":{"line":8,"column":27},"end":{"line":8,"column":85}},"line":8},"1":{"name":"(anonymous_1)","decl":{"start":{"line":9,"column":17},"end":{"line":9,"column":18}},"loc":{"start":{"line":9,"column":27},"end":{"line":9,"column":93}},"line":9},"2":{"name":"(anonymous_2)","decl":{"start":{"line":11,"column":14},"end":{"line":11,"column":15}},"loc":{"start":{"line":11,"column":34},"end":{"line":56,"column":1}},"line":11},"3":{"name":"(anonymous_3)","decl":{"start":{"line":23,"column":64},"end":{"line":23,"column":65}},"loc":{"start":{"line":23,"column":73},"end":{"line":28,"column":2}},"line":23},"4":{"name":"(anonymous_4)","decl":{"start":{"line":58,"column":22},"end":{"line":58,"column":23}},"loc":{"start":{"line":58,"column":42},"end":{"line":114,"column":1}},"line":58},"5":{"name":"(anonymous_5)","decl":{"start":{"line":75,"column":64},"end":{"line":75,"column":65}},"loc":{"start":{"line":75,"column":73},"end":{"line":80,"column":2}},"line":75},"6":{"name":"(anonymous_6)","decl":{"start":{"line":102,"column":18},"end":{"line":102,"column":19}},"loc":{"start":{"line":102,"column":27},"end":{"line":113,"column":2}},"line":102},"7":{"name":"(anonymous_7)","decl":{"start":{"line":116,"column":15},"end":{"line":116,"column":16}},"loc":{"start":{"line":116,"column":29},"end":{"line":124,"column":1}},"line":116},"8":{"name":"(anonymous_8)","decl":{"start":{"line":126,"column":31},"end":{"line":126,"column":32}},"loc":{"start":{"line":126,"column":51},"end":{"line":154,"column":1}},"line":126},"9":{"name":"(anonymous_9)","decl":{"start":{"line":134,"column":63},"end":{"line":134,"column":64}},"loc":{"start":{"line":134,"column":72},"end":{"line":139,"column":2}},"line":134},"10":{"name":"(anonymous_10)","decl":{"start":{"line":156,"column":28},"end":{"line":156,"column":29}},"loc":{"start":{"line":156,"column":48},"end":{"line":185,"column":1}},"line":156},"11":{"name":"(anonymous_11)","decl":{"start":{"line":165,"column":63},"end":{"line":165,"column":64}},"loc":{"start":{"line":165,"column":72},"end":{"line":170,"column":2}},"line":165},"12":{"name":"(anonymous_12)","decl":{"start":{"line":187,"column":29},"end":{"line":187,"column":30}},"loc":{"start":{"line":187,"column":49},"end":{"line":216,"column":1}},"line":187},"13":{"name":"(anonymous_13)","decl":{"start":{"line":196,"column":63},"end":{"line":196,"column":64}},"loc":{"start":{"line":196,"column":72},"end":{"line":201,"column":2}},"line":196},"14":{"name":"(anonymous_14)","decl":{"start":{"line":218,"column":17},"end":{"line":218,"column":18}},"loc":{"start":{"line":218,"column":37},"end":{"line":247,"column":1}},"line":218},"15":{"name":"(anonymous_15)","decl":{"start":{"line":227,"column":63},"end":{"line":227,"column":64}},"loc":{"start":{"line":227,"column":72},"end":{"line":232,"column":2}},"line":227},"16":{"name":"(anonymous_16)","decl":{"start":{"line":249,"column":25},"end":{"line":249,"column":26}},"loc":{"start":{"line":249,"column":45},"end":{"line":292,"column":1}},"line":249},"17":{"name":"(anonymous_17)","decl":{"start":{"line":262,"column":8},"end":{"line":262,"column":9}},"loc":{"start":{"line":262,"column":20},"end":{"line":279,"column":3}},"line":262},"18":{"name":"(anonymous_18)","decl":{"start":{"line":280,"column":8},"end":{"line":280,"column":9}},"loc":{"start":{"line":280,"column":14},"end":{"line":285,"column":3}},"line":280},"19":{"name":"(anonymous_19)","decl":{"start":{"line":286,"column":9},"end":{"line":286,"column":10}},"loc":{"start":{"line":286,"column":18},"end":{"line":291,"column":3}},"line":286},"20":{"name":"(anonymous_20)","decl":{"start":{"line":294,"column":25},"end":{"line":294,"column":26}},"loc":{"start":{"line":294,"column":45},"end":{"line":328,"column":1}},"line":294},"21":{"name":"(anonymous_21)","decl":{"start":{"line":296,"column":63},"end":{"line":296,"column":64}},"loc":{"start":{"line":296,"column":72},"end":{"line":301,"column":2}},"line":296},"22":{"name":"(anonymous_22)","decl":{"start":{"line":304,"column":64},"end":{"line":304,"column":65}},"loc":{"start":{"line":304,"column":73},"end":{"line":309,"column":2}},"line":304},"23":{"name":"(anonymous_23)","decl":{"start":{"line":311,"column":42},"end":{"line":311,"column":43}},"loc":{"start":{"line":311,"column":57},"end":{"line":327,"column":2}},"line":311},"24":{"name":"(anonymous_24)","decl":{"start":{"line":330,"column":26},"end":{"line":330,"column":27}},"loc":{"start":{"line":330,"column":46},"end":{"line":339,"column":1}},"line":330}},"branchMap":{"0":{"loc":{"start":{"line":17,"column":1},"end":{"line":21,"column":5}},"type":"if","locations":[{"start":{"line":17,"column":1},"end":{"line":21,"column":5}},{"start":{},"end":{}}],"line":17},"1":{"loc":{"start":{"line":17,"column":5},"end":{"line":17,"column":24}},"type":"binary-expr","locations":[{"start":{"line":17,"column":5},"end":{"line":17,"column":11}},{"start":{"line":17,"column":15},"end":{"line":17,"column":24}}],"line":17},"2":{"loc":{"start":{"line":31,"column":1},"end":{"line":35,"column":5}},"type":"if","locations":[{"start":{"line":31,"column":1},"end":{"line":35,"column":5}},{"start":{},"end":{}}],"line":31},"3":{"loc":{"start":{"line":38,"column":1},"end":{"line":42,"column":5}},"type":"if","locations":[{"start":{"line":38,"column":1},"end":{"line":42,"column":5}},{"start":{},"end":{}}],"line":38},"4":{"loc":{"start":{"line":69,"column":1},"end":{"line":73,"column":5}},"type":"if","locations":[{"start":{"line":69,"column":1},"end":{"line":73,"column":5}},{"start":{},"end":{}}],"line":69},"5":{"loc":{"start":{"line":69,"column":5},"end":{"line":69,"column":77}},"type":"binary-expr","locations":[{"start":{"line":69,"column":5},"end":{"line":69,"column":10}},{"start":{"line":69,"column":14},"end":{"line":69,"column":22}},{"start":{"line":69,"column":26},"end":{"line":69,"column":39}},{"start":{"line":69,"column":43},"end":{"line":69,"column":54}},{"start":{"line":69,"column":58},"end":{"line":69,"column":64}},{"start":{"line":69,"column":68},"end":{"line":69,"column":77}}],"line":69},"6":{"loc":{"start":{"line":83,"column":1},"end":{"line":87,"column":5}},"type":"if","locations":[{"start":{"line":83,"column":1},"end":{"line":87,"column":5}},{"start":{},"end":{}}],"line":83},"7":{"loc":{"start":{"line":103,"column":2},"end":{"line":107,"column":6}},"type":"if","locations":[{"start":{"line":103,"column":2},"end":{"line":107,"column":6}},{"start":{},"end":{}}],"line":103},"8":{"loc":{"start":{"line":128,"column":1},"end":{"line":132,"column":5}},"type":"if","locations":[{"start":{"line":128,"column":1},"end":{"line":132,"column":5}},{"start":{},"end":{}}],"line":128},"9":{"loc":{"start":{"line":141,"column":1},"end":{"line":145,"column":5}},"type":"if","locations":[{"start":{"line":141,"column":1},"end":{"line":145,"column":5}},{"start":{},"end":{}}],"line":141},"10":{"loc":{"start":{"line":159,"column":1},"end":{"line":163,"column":5}},"type":"if","locations":[{"start":{"line":159,"column":1},"end":{"line":163,"column":5}},{"start":{},"end":{}}],"line":159},"11":{"loc":{"start":{"line":172,"column":1},"end":{"line":176,"column":5}},"type":"if","locations":[{"start":{"line":172,"column":1},"end":{"line":176,"column":5}},{"start":{},"end":{}}],"line":172},"12":{"loc":{"start":{"line":190,"column":1},"end":{"line":194,"column":5}},"type":"if","locations":[{"start":{"line":190,"column":1},"end":{"line":194,"column":5}},{"start":{},"end":{}}],"line":190},"13":{"loc":{"start":{"line":203,"column":1},"end":{"line":207,"column":5}},"type":"if","locations":[{"start":{"line":203,"column":1},"end":{"line":207,"column":5}},{"start":{},"end":{}}],"line":203},"14":{"loc":{"start":{"line":221,"column":1},"end":{"line":225,"column":5}},"type":"if","locations":[{"start":{"line":221,"column":1},"end":{"line":225,"column":5}},{"start":{},"end":{}}],"line":221},"15":{"loc":{"start":{"line":234,"column":1},"end":{"line":238,"column":5}},"type":"if","locations":[{"start":{"line":234,"column":1},"end":{"line":238,"column":5}},{"start":{},"end":{}}],"line":234},"16":{"loc":{"start":{"line":263,"column":3},"end":{"line":267,"column":7}},"type":"if","locations":[{"start":{"line":263,"column":3},"end":{"line":267,"column":7}},{"start":{},"end":{}}],"line":263},"17":{"loc":{"start":{"line":270,"column":17},"end":{"line":270,"column":36}},"type":"binary-expr","locations":[{"start":{"line":270,"column":17},"end":{"line":270,"column":21}},{"start":{"line":270,"column":25},"end":{"line":270,"column":36}}],"line":270},"18":{"loc":{"start":{"line":271,"column":20},"end":{"line":271,"column":45}},"type":"binary-expr","locations":[{"start":{"line":271,"column":20},"end":{"line":271,"column":27}},{"start":{"line":271,"column":31},"end":{"line":271,"column":45}}],"line":271},"19":{"loc":{"start":{"line":272,"column":25},"end":{"line":272,"column":60}},"type":"binary-expr","locations":[{"start":{"line":272,"column":25},"end":{"line":272,"column":37}},{"start":{"line":272,"column":41},"end":{"line":272,"column":60}}],"line":272},"20":{"loc":{"start":{"line":273,"column":23},"end":{"line":273,"column":54}},"type":"binary-expr","locations":[{"start":{"line":273,"column":23},"end":{"line":273,"column":33}},{"start":{"line":273,"column":37},"end":{"line":273,"column":54}}],"line":273},"21":{"loc":{"start":{"line":274,"column":18},"end":{"line":274,"column":39}},"type":"binary-expr","locations":[{"start":{"line":274,"column":18},"end":{"line":274,"column":23}},{"start":{"line":274,"column":27},"end":{"line":274,"column":39}}],"line":274},"22":{"loc":{"start":{"line":275,"column":21},"end":{"line":275,"column":54}},"type":"binary-expr","locations":[{"start":{"line":275,"column":21},"end":{"line":275,"column":35}},{"start":{"line":275,"column":39},"end":{"line":275,"column":54}}],"line":275},"23":{"loc":{"start":{"line":305,"column":2},"end":{"line":308,"column":6}},"type":"if","locations":[{"start":{"line":305,"column":2},"end":{"line":308,"column":6}},{"start":{},"end":{}}],"line":305},"24":{"loc":{"start":{"line":312,"column":2},"end":{"line":326,"column":6}},"type":"if","locations":[{"start":{"line":312,"column":2},"end":{"line":326,"column":6}},{"start":{"line":317,"column":7},"end":{"line":326,"column":6}}],"line":312},"25":{"loc":{"start":{"line":317,"column":7},"end":{"line":326,"column":6}},"type":"if","locations":[{"start":{"line":317,"column":7},"end":{"line":326,"column":6}},{"start":{"line":323,"column":3},"end":{"line":326,"column":6}}],"line":317}},"s":{"0":2,"1":2,"2":2,"3":2,"4":2,"5":2,"6":2,"7":0,"8":2,"9":0,"10":2,"11":0,"12":0,"13":0,"14":0,"15":0,"16":0,"17":0,"18":0,"19":0,"20":0,"21":0,"22":0,"23":2,"24":4,"25":4,"26":2,"27":2,"28":0,"29":2,"30":2,"31":0,"32":0,"33":0,"34":0,"35":0,"36":2,"37":0,"38":2,"39":0,"40":0,"41":0,"42":0,"43":0,"44":0,"45":0,"46":0,"47":0,"48":2,"49":0,"50":0,"51":0,"52":0,"53":0,"54":0,"55":0,"56":0,"57":0,"58":2,"59":0,"60":0,"61":0,"62":0,"63":0,"64":0,"65":0,"66":0,"67":0,"68":2,"69":0,"70":0,"71":0,"72":0,"73":0,"74":0,"75":0,"76":0,"77":0,"78":2,"79":0,"80":0,"81":0,"82":0,"83":0,"84":0,"85":0,"86":0,"87":0,"88":0,"89":0,"90":0,"91":0,"92":0,"93":2,"94":0,"95":0,"96":0,"97":0,"98":0,"99":0,"100":0,"101":0,"102":0,"103":0,"104":0,"105":0,"106":2,"107":0,"108":0,"109":2},"f":{"0":0,"1":0,"2":0,"3":0,"4":4,"5":0,"6":0,"7":0,"8":0,"9":0,"10":0,"11":0,"12":0,"13":0,"14":0,"15":0,"16":0,"17":0,"18":0,"19":0,"20":0,"21":0,"22":0,"23":0,"24":0},"b":{"0":[0,0],"1":[0,0],"2":[0,0],"3":[0,0],"4":[2,2],"5":[4,3,2,2,2,2],"6":[2,0],"7":[0,0],"8":[0,0],"9":[0,0],"10":[0,0],"11":[0,0],"12":[0,0],"13":[0,0],"14":[0,0],"15":[0,0],"16":[0,0],"17":[0,0],"18":[0,0],"19":[0,0],"20":[0,0],"21":[0,0],"22":[0,0],"23":[0,0],"24":[0,0],"25":[0,0]},"_coverageSchema":"1a1c01bbd47fc00a2c39e90264f33305004495a9","hash":"1018abbcebe31a8b9c3edd44f04651c3ca9d231f"}
,"C:\\Users\\rafiu\\Documents\\housefinder\\backend\\middleware\\tokenChecker.js": {"path":"C:\\Users\\rafiu\\Documents\\housefinder\\backend\\middleware\\tokenChecker.js","statementMap":{"0":{"start":{"line":1,"column":12},"end":{"line":1,"column":35}},"1":{"start":{"line":3,"column":21},"end":{"line":24,"column":1}},"2":{"start":{"line":5,"column":13},"end":{"line":5,"column":79}},"3":{"start":{"line":6,"column":1},"end":{"line":10,"column":5}},"4":{"start":{"line":7,"column":2},"end":{"line":10,"column":5}},"5":{"start":{"line":12,"column":1},"end":{"line":23,"column":4}},"6":{"start":{"line":13,"column":2},"end":{"line":22,"column":3}},"7":{"start":{"line":14,"column":3},"end":{"line":17,"column":6}},"8":{"start":{"line":20,"column":3},"end":{"line":20,"column":33}},"9":{"start":{"line":21,"column":3},"end":{"line":21,"column":10}},"10":{"start":{"line":26,"column":0},"end":{"line":26,"column":29}}},"fnMap":{"0":{"name":"(anonymous_0)","decl":{"start":{"line":3,"column":21},"end":{"line":3,"column":22}},"loc":{"start":{"line":3,"column":47},"end":{"line":24,"column":1}},"line":3},"1":{"name":"(anonymous_1)","decl":{"start":{"line":12,"column":45},"end":{"line":12,"column":46}},"loc":{"start":{"line":12,"column":69},"end":{"line":23,"column":2}},"line":12}},"branchMap":{"0":{"loc":{"start":{"line":5,"column":13},"end":{"line":5,"column":79}},"type":"binary-expr","locations":[{"start":{"line":5,"column":13},"end":{"line":5,"column":27}},{"start":{"line":5,"column":31},"end":{"line":5,"column":46}},{"start":{"line":5,"column":50},"end":{"line":5,"column":79}}],"line":5},"1":{"loc":{"start":{"line":6,"column":1},"end":{"line":10,"column":5}},"type":"if","locations":[{"start":{"line":6,"column":1},"end":{"line":10,"column":5}},{"start":{},"end":{}}],"line":6},"2":{"loc":{"start":{"line":13,"column":2},"end":{"line":22,"column":3}},"type":"if","locations":[{"start":{"line":13,"column":2},"end":{"line":22,"column":3}},{"start":{"line":18,"column":7},"end":{"line":22,"column":3}}],"line":13}},"s":{"0":2,"1":2,"2":1,"3":1,"4":1,"5":0,"6":0,"7":0,"8":0,"9":0,"10":2},"f":{"0":1,"1":0},"b":{"0":[1,1,1],"1":[1,0],"2":[0,0]},"_coverageSchema":"1a1c01bbd47fc00a2c39e90264f33305004495a9","hash":"666965620e5f1902379a87a215c7390e0cce3e18"}
,"C:\\Users\\rafiu\\Documents\\housefinder\\backend\\models\\annuncio.js": {"path":"C:\\Users\\rafiu\\Documents\\housefinder\\backend\\models\\annuncio.js","statementMap":{"0":{"start":{"line":1,"column":17},"end":{"line":1,"column":36}},"1":{"start":{"line":2,"column":21},"end":{"line":2,"column":40}},"2":{"start":{"line":3,"column":15},"end":{"line":3,"column":30}},"3":{"start":{"line":5,"column":23},"end":{"line":20,"column":2}},"4":{"start":{"line":22,"column":17},"end":{"line":22,"column":59}},"5":{"start":{"line":23,"column":0},"end":{"line":23,"column":26}}},"fnMap":{},"branchMap":{},"s":{"0":2,"1":2,"2":2,"3":2,"4":2,"5":2},"f":{},"b":{},"_coverageSchema":"1a1c01bbd47fc00a2c39e90264f33305004495a9","hash":"1013c6d868c10c8f744ce64152b98ddc48fd57b3"}
,"C:\\Users\\rafiu\\Documents\\housefinder\\backend\\models\\chat.js": {"path":"C:\\Users\\rafiu\\Documents\\housefinder\\backend\\models\\chat.js","statementMap":{"0":{"start":{"line":1,"column":17},"end":{"line":1,"column":36}},"1":{"start":{"line":2,"column":15},"end":{"line":2,"column":30}},"2":{"start":{"line":4,"column":19},"end":{"line":9,"column":2}},"3":{"start":{"line":11,"column":13},"end":{"line":11,"column":47}},"4":{"start":{"line":12,"column":0},"end":{"line":12,"column":22}}},"fnMap":{},"branchMap":{},"s":{"0":2,"1":2,"2":2,"3":2,"4":2},"f":{},"b":{},"_coverageSchema":"1a1c01bbd47fc00a2c39e90264f33305004495a9","hash":"d32ca49ecdb4d87875b645faa74da46ad221db20"}
,"C:\\Users\\rafiu\\Documents\\housefinder\\backend\\models\\filtro.js": {"path":"C:\\Users\\rafiu\\Documents\\housefinder\\backend\\models\\filtro.js","statementMap":{"0":{"start":{"line":1,"column":17},"end":{"line":1,"column":36}},"1":{"start":{"line":2,"column":15},"end":{"line":2,"column":30}},"2":{"start":{"line":4,"column":21},"end":{"line":8,"column":2}},"3":{"start":{"line":10,"column":15},"end":{"line":10,"column":53}},"4":{"start":{"line":11,"column":0},"end":{"line":11,"column":24}}},"fnMap":{},"branchMap":{},"s":{"0":2,"1":2,"2":2,"3":2,"4":2},"f":{},"b":{},"_coverageSchema":"1a1c01bbd47fc00a2c39e90264f33305004495a9","hash":"7ec8aa6f807ddfbb8faaae3cc6bc6973becbfb39"}
,"C:\\Users\\rafiu\\Documents\\housefinder\\backend\\models\\locale.js": {"path":"C:\\Users\\rafiu\\Documents\\housefinder\\backend\\models\\locale.js","statementMap":{"0":{"start":{"line":1,"column":17},"end":{"line":1,"column":36}},"1":{"start":{"line":3,"column":21},"end":{"line":8,"column":2}},"2":{"start":{"line":10,"column":15},"end":{"line":10,"column":53}},"3":{"start":{"line":11,"column":0},"end":{"line":11,"column":24}}},"fnMap":{},"branchMap":{},"s":{"0":2,"1":2,"2":2,"3":2},"f":{},"b":{},"_coverageSchema":"1a1c01bbd47fc00a2c39e90264f33305004495a9","hash":"dfbd5c9e59c129889710506504df9d1ba0f9a6e6"}
,"C:\\Users\\rafiu\\Documents\\housefinder\\backend\\models\\messaggio.js": {"path":"C:\\Users\\rafiu\\Documents\\housefinder\\backend\\models\\messaggio.js","statementMap":{"0":{"start":{"line":1,"column":18},"end":{"line":1,"column":37}},"1":{"start":{"line":2,"column":15},"end":{"line":2,"column":30}},"2":{"start":{"line":4,"column":24},"end":{"line":8,"column":2}},"3":{"start":{"line":10,"column":18},"end":{"line":10,"column":62}},"4":{"start":{"line":11,"column":0},"end":{"line":11,"column":27}}},"fnMap":{},"branchMap":{},"s":{"0":2,"1":2,"2":2,"3":2,"4":2},"f":{},"b":{},"_coverageSchema":"1a1c01bbd47fc00a2c39e90264f33305004495a9","hash":"772d89391eb449030b6252509ab8ca1549ed488a"}
,"C:\\Users\\rafiu\\Documents\\housefinder\\backend\\models\\ricerca.js": {"path":"C:\\Users\\rafiu\\Documents\\housefinder\\backend\\models\\ricerca.js","statementMap":{"0":{"start":{"line":1,"column":17},"end":{"line":1,"column":36}},"1":{"start":{"line":2,"column":21},"end":{"line":2,"column":40}},"2":{"start":{"line":4,"column":22},"end":{"line":7,"column":2}},"3":{"start":{"line":9,"column":16},"end":{"line":9,"column":56}},"4":{"start":{"line":10,"column":0},"end":{"line":10,"column":25}}},"fnMap":{},"branchMap":{},"s":{"0":2,"1":2,"2":2,"3":2,"4":2},"f":{},"b":{},"_coverageSchema":"1a1c01bbd47fc00a2c39e90264f33305004495a9","hash":"37b3a500b994da5da87d6a16872d43adfff67531"}
,"C:\\Users\\rafiu\\Documents\\housefinder\\backend\\models\\utente.js": {"path":"C:\\Users\\rafiu\\Documents\\housefinder\\backend\\models\\utente.js","statementMap":{"0":{"start":{"line":1,"column":17},"end":{"line":1,"column":36}},"1":{"start":{"line":2,"column":15},"end":{"line":2,"column":30}},"2":{"start":{"line":4,"column":21},"end":{"line":15,"column":2}},"3":{"start":{"line":17,"column":15},"end":{"line":17,"column":53}},"4":{"start":{"line":18,"column":0},"end":{"line":18,"column":24}}},"fnMap":{},"branchMap":{},"s":{"0":2,"1":2,"2":2,"3":2,"4":2},"f":{},"b":{},"_coverageSchema":"1a1c01bbd47fc00a2c39e90264f33305004495a9","hash":"be4eb09b965e423478f84a96ef2f4aa0f754bb01"}
,"C:\\Users\\rafiu\\Documents\\housefinder\\backend\\routes\\annuncio.js": {"path":"C:\\Users\\rafiu\\Documents\\housefinder\\backend\\routes\\annuncio.js","statementMap":{"0":{"start":{"line":1,"column":16},"end":{"line":1,"column":34}},"1":{"start":{"line":2,"column":15},"end":{"line":2,"column":31}},"2":{"start":{"line":3,"column":27},"end":{"line":3,"column":61}},"3":{"start":{"line":4,"column":21},"end":{"line":4,"column":58}},"4":{"start":{"line":6,"column":0},"end":{"line":6,"column":61}},"5":{"start":{"line":8,"column":0},"end":{"line":8,"column":61}},"6":{"start":{"line":10,"column":0},"end":{"line":10,"column":82}},"7":{"start":{"line":12,"column":0},"end":{"line":12,"column":82}},"8":{"start":{"line":14,"column":0},"end":{"line":14,"column":77}},"9":{"start":{"line":16,"column":0},"end":{"line":16,"column":83}},"10":{"start":{"line":18,"column":0},"end":{"line":18,"column":96}},"11":{"start":{"line":20,"column":0},"end":{"line":20,"column":79}},"12":{"start":{"line":22,"column":0},"end":{"line":22,"column":24}}},"fnMap":{},"branchMap":{},"s":{"0":2,"1":2,"2":2,"3":2,"4":2,"5":2,"6":2,"7":2,"8":2,"9":2,"10":2,"11":2,"12":2},"f":{},"b":{},"_coverageSchema":"1a1c01bbd47fc00a2c39e90264f33305004495a9","hash":"cdb5ca5be579a01097314587471b17640caa51f0"}
,"C:\\Users\\rafiu\\Documents\\housefinder\\backend\\routes\\chat.js": {"path":"C:\\Users\\rafiu\\Documents\\housefinder\\backend\\routes\\chat.js","statementMap":{"0":{"start":{"line":1,"column":16},"end":{"line":1,"column":34}},"1":{"start":{"line":2,"column":15},"end":{"line":2,"column":31}},"2":{"start":{"line":3,"column":23},"end":{"line":3,"column":53}},"3":{"start":{"line":4,"column":21},"end":{"line":4,"column":58}},"4":{"start":{"line":6,"column":0},"end":{"line":6,"column":61}},"5":{"start":{"line":8,"column":0},"end":{"line":8,"column":63}},"6":{"start":{"line":10,"column":0},"end":{"line":10,"column":24}}},"fnMap":{},"branchMap":{},"s":{"0":2,"1":2,"2":2,"3":2,"4":2,"5":2,"6":2},"f":{},"b":{},"_coverageSchema":"1a1c01bbd47fc00a2c39e90264f33305004495a9","hash":"434b5aa06b8a6dec3d3432f4dbfa3e025167a636"}
,"C:\\Users\\rafiu\\Documents\\housefinder\\backend\\routes\\messaggio.js": {"path":"C:\\Users\\rafiu\\Documents\\housefinder\\backend\\routes\\messaggio.js","statementMap":{"0":{"start":{"line":1,"column":16},"end":{"line":1,"column":34}},"1":{"start":{"line":2,"column":15},"end":{"line":2,"column":31}},"2":{"start":{"line":3,"column":28},"end":{"line":3,"column":63}},"3":{"start":{"line":4,"column":21},"end":{"line":4,"column":58}},"4":{"start":{"line":6,"column":0},"end":{"line":6,"column":77}},"5":{"start":{"line":8,"column":0},"end":{"line":8,"column":24}}},"fnMap":{},"branchMap":{},"s":{"0":2,"1":2,"2":2,"3":2,"4":2,"5":2},"f":{},"b":{},"_coverageSchema":"1a1c01bbd47fc00a2c39e90264f33305004495a9","hash":"50236416e874ece74f3a3b3822014c5f41b7d758"}
,"C:\\Users\\rafiu\\Documents\\housefinder\\backend\\routes\\ricerca.js": {"path":"C:\\Users\\rafiu\\Documents\\housefinder\\backend\\routes\\ricerca.js","statementMap":{"0":{"start":{"line":1,"column":16},"end":{"line":1,"column":34}},"1":{"start":{"line":2,"column":15},"end":{"line":2,"column":31}},"2":{"start":{"line":3,"column":26},"end":{"line":3,"column":59}},"3":{"start":{"line":4,"column":21},"end":{"line":4,"column":58}},"4":{"start":{"line":6,"column":0},"end":{"line":6,"column":66}},"5":{"start":{"line":8,"column":0},"end":{"line":8,"column":77}},"6":{"start":{"line":10,"column":0},"end":{"line":10,"column":93}},"7":{"start":{"line":12,"column":0},"end":{"line":12,"column":24}}},"fnMap":{},"branchMap":{},"s":{"0":2,"1":2,"2":2,"3":2,"4":2,"5":2,"6":2,"7":2},"f":{},"b":{},"_coverageSchema":"1a1c01bbd47fc00a2c39e90264f33305004495a9","hash":"48ebc4a6b745d6359f63fe5ba2e8abc3c04e0195"}
,"C:\\Users\\rafiu\\Documents\\housefinder\\backend\\routes\\utente.js": {"path":"C:\\Users\\rafiu\\Documents\\housefinder\\backend\\routes\\utente.js","statementMap":{"0":{"start":{"line":1,"column":16},"end":{"line":1,"column":34}},"1":{"start":{"line":3,"column":15},"end":{"line":3,"column":31}},"2":{"start":{"line":4,"column":25},"end":{"line":4,"column":57}},"3":{"start":{"line":5,"column":21},"end":{"line":5,"column":58}},"4":{"start":{"line":7,"column":0},"end":{"line":7,"column":53}},"5":{"start":{"line":9,"column":0},"end":{"line":9,"column":69}},"6":{"start":{"line":11,"column":0},"end":{"line":11,"column":77}},"7":{"start":{"line":13,"column":0},"end":{"line":13,"column":78}},"8":{"start":{"line":15,"column":0},"end":{"line":15,"column":76}},"9":{"start":{"line":17,"column":0},"end":{"line":17,"column":68}},"10":{"start":{"line":19,"column":0},"end":{"line":19,"column":96}},"11":{"start":{"line":21,"column":0},"end":{"line":21,"column":90}},"12":{"start":{"line":23,"column":0},"end":{"line":23,"column":92}},"13":{"start":{"line":25,"column":0},"end":{"line":25,"column":68}},"14":{"start":{"line":27,"column":0},"end":{"line":27,"column":24}}},"fnMap":{},"branchMap":{},"s":{"0":2,"1":2,"2":2,"3":2,"4":2,"5":2,"6":2,"7":2,"8":2,"9":2,"10":2,"11":2,"12":2,"13":2,"14":2},"f":{},"b":{},"_coverageSchema":"1a1c01bbd47fc00a2c39e90264f33305004495a9","hash":"8f3282bea72cf744ca38403c997274f4289197ab"}
}
