TN:
SF:db.js
FN:4,(anonymous_0)
FN:9,(anonymous_1)
FN:17,(anonymous_2)
FNF:3
FNH:2
FNDA:3,(anonymous_0)
FNDA:2,(anonymous_1)
FNDA:0,(anonymous_2)
DA:1,3
DA:2,3
DA:4,3
DA:6,3
DA:10,2
DA:11,2
DA:13,3
DA:14,3
DA:17,3
DA:19,3
LF:10
LH:10
BRDA:10,0,0,0
BRDA:10,0,1,2
BRDA:13,1,0,3
BRDA:13,1,1,0
BRF:4
BRH:2
end_of_record
TN:
SF:index.js
FN:28,(anonymous_0)
FN:43,(anonymous_1)
FNF:2
FNH:2
FNDA:3,(anonymous_0)
FNDA:3,(anonymous_1)
DA:1,3
DA:2,3
DA:3,3
DA:4,3
DA:5,3
DA:6,3
DA:8,3
DA:9,3
DA:10,3
DA:11,3
DA:12,3
DA:13,3
DA:15,3
DA:16,3
DA:17,3
DA:19,3
DA:21,3
DA:22,3
DA:23,3
DA:24,3
DA:25,3
DA:28,3
DA:29,3
DA:30,3
DA:33,3
DA:36,3
DA:37,0
DA:40,3
DA:43,3
DA:44,3
DA:47,3
LF:31
LH:30
BRDA:36,0,0,0
BRDA:36,0,1,3
BRDA:37,1,0,0
BRDA:37,1,1,0
BRF:4
BRH:1
end_of_record
TN:
SF:swagger.js
FN:6,swaggerConfig
FNF:1
FNH:1
FNDA:3,swaggerConfig
DA:1,3
DA:2,3
DA:3,3
DA:4,3
DA:7,3
DA:8,0
DA:9,0
DA:11,3
DA:25,3
LF:9
LH:7
BRDA:7,0,0,0
BRDA:7,0,1,3
BRF:2
BRH:1
end_of_record
TN:
SF:controllers/annuncio.js
FN:5,(anonymous_0)
FN:6,(anonymous_1)
FN:27,(anonymous_2)
FN:28,(anonymous_3)
FN:49,(anonymous_4)
FN:50,(anonymous_5)
FN:68,(anonymous_6)
FN:82,(anonymous_7)
FN:102,calcola_vetrina
FN:109,(anonymous_9)
FN:160,(anonymous_10)
FN:179,(anonymous_11)
FN:200,(anonymous_12)
FN:222,(anonymous_13)
FN:228,(anonymous_14)
FN:237,(anonymous_15)
FN:239,(anonymous_16)
FN:252,(anonymous_17)
FN:268,(anonymous_18)
FN:270,(anonymous_19)
FN:289,(anonymous_20)
FNF:21
FNH:19
FNDA:1,(anonymous_0)
FNDA:1,(anonymous_1)
FNDA:2,(anonymous_2)
FNDA:2,(anonymous_3)
FNDA:4,(anonymous_4)
FNDA:4,(anonymous_5)
FNDA:3,(anonymous_6)
FNDA:3,(anonymous_7)
FNDA:6,calcola_vetrina
FNDA:5,(anonymous_9)
FNDA:3,(anonymous_10)
FNDA:1,(anonymous_11)
FNDA:1,(anonymous_12)
FNDA:1,(anonymous_13)
FNDA:0,(anonymous_14)
FNDA:4,(anonymous_15)
FNDA:4,(anonymous_16)
FNDA:3,(anonymous_17)
FNDA:3,(anonymous_18)
FNDA:3,(anonymous_19)
FNDA:0,(anonymous_20)
DA:1,3
DA:2,3
DA:5,3
DA:6,1
DA:7,1
DA:8,0
DA:12,1
DA:13,0
DA:18,1
DA:27,3
DA:28,2
DA:29,2
DA:30,0
DA:34,2
DA:35,1
DA:40,1
DA:49,3
DA:50,4
DA:51,4
DA:52,0
DA:56,4
DA:57,0
DA:63,4
DA:64,1
DA:68,3
DA:69,3
DA:70,0
DA:75,3
DA:76,1
DA:82,3
DA:83,3
DA:84,0
DA:88,3
DA:89,0
DA:94,3
DA:103,6
DA:104,6
DA:105,6
DA:109,3
DA:123,5
DA:124,5
DA:126,5
DA:132,2
DA:136,3
DA:137,0
DA:142,3
DA:160,3
DA:161,3
DA:162,0
DA:169,3
DA:170,3
DA:171,3
DA:172,3
DA:179,3
DA:180,1
DA:192,1
DA:193,1
DA:194,1
DA:199,1
DA:201,1
DA:202,0
DA:208,1
DA:209,1
DA:210,1
DA:211,1
DA:212,1
DA:213,1
DA:214,1
DA:215,1
DA:216,1
DA:217,1
DA:220,1
DA:223,1
DA:229,0
DA:237,3
DA:238,4
DA:239,4
DA:240,4
DA:241,0
DA:245,4
DA:246,1
DA:252,3
DA:253,3
DA:254,0
DA:259,3
DA:268,3
DA:269,3
DA:270,3
DA:271,3
DA:272,0
DA:276,3
DA:277,0
DA:282,3
DA:289,3
DA:290,0
DA:292,0
DA:293,0
DA:299,0
DA:305,3
LF:99
LH:79
BRDA:7,0,0,0
BRDA:7,0,1,1
BRDA:12,1,0,0
BRDA:12,1,1,1
BRDA:29,2,0,0
BRDA:29,2,1,2
BRDA:34,3,0,1
BRDA:34,3,1,1
BRDA:51,4,0,0
BRDA:51,4,1,4
BRDA:56,5,0,0
BRDA:56,5,1,4
BRDA:63,6,0,1
BRDA:63,6,1,3
BRDA:69,7,0,0
BRDA:69,7,1,3
BRDA:75,8,0,1
BRDA:75,8,1,2
BRDA:83,9,0,0
BRDA:83,9,1,3
BRDA:88,10,0,0
BRDA:88,10,1,3
BRDA:126,11,0,2
BRDA:126,11,1,3
BRDA:126,12,0,5
BRDA:126,12,1,3
BRDA:126,12,2,3
BRDA:126,12,3,3
BRDA:126,12,4,3
BRDA:126,12,5,3
BRDA:136,13,0,0
BRDA:136,13,1,3
BRDA:161,14,0,0
BRDA:161,14,1,3
BRDA:201,15,0,0
BRDA:201,15,1,1
BRDA:208,16,0,1
BRDA:208,16,1,1
BRDA:209,17,0,1
BRDA:209,17,1,1
BRDA:210,18,0,1
BRDA:210,18,1,1
BRDA:211,19,0,1
BRDA:211,19,1,1
BRDA:212,20,0,1
BRDA:212,20,1,1
BRDA:213,21,0,1
BRDA:213,21,1,1
BRDA:214,22,0,1
BRDA:214,22,1,1
BRDA:215,23,0,1
BRDA:215,23,1,1
BRDA:216,24,0,1
BRDA:216,24,1,1
BRDA:217,25,0,1
BRDA:217,25,1,0
BRDA:240,26,0,0
BRDA:240,26,1,4
BRDA:245,27,0,1
BRDA:245,27,1,3
BRDA:253,28,0,0
BRDA:253,28,1,3
BRDA:271,29,0,0
BRDA:271,29,1,3
BRDA:276,30,0,0
BRDA:276,30,1,3
BRDA:292,31,0,0
BRDA:292,31,1,0
BRF:68
BRH:50
end_of_record
TN:
SF:controllers/chat.js
FN:4,(anonymous_0)
FN:37,(anonymous_1)
FN:61,(anonymous_2)
FN:63,(anonymous_3)
FNF:4
FNH:0
FNDA:0,(anonymous_0)
FNDA:0,(anonymous_1)
FNDA:0,(anonymous_2)
FNDA:0,(anonymous_3)
DA:1,3
DA:2,3
DA:4,3
DA:5,0
DA:7,0
DA:9,0
DA:10,0
DA:16,0
DA:17,0
DA:22,0
DA:24,0
DA:25,0
DA:30,0
DA:37,0
DA:38,0
DA:39,0
DA:46,0
DA:47,0
DA:48,0
DA:50,0
DA:51,0
DA:52,0
DA:53,0
DA:61,3
DA:62,0
DA:63,0
DA:64,0
DA:65,0
DA:69,0
DA:70,0
DA:75,0
DA:83,3
LF:32
LH:5
BRDA:9,0,0,0
BRDA:9,0,1,0
BRDA:16,1,0,0
BRDA:16,1,1,0
BRDA:16,2,0,0
BRDA:16,2,1,0
BRDA:16,2,2,0
BRDA:24,3,0,0
BRDA:24,3,1,0
BRDA:38,4,0,0
BRDA:38,4,1,0
BRDA:64,5,0,0
BRDA:64,5,1,0
BRDA:69,6,0,0
BRDA:69,6,1,0
BRF:15
BRH:0
end_of_record
TN:
SF:controllers/messaggio.js
FN:4,(anonymous_0)
FN:24,(anonymous_1)
FNF:2
FNH:0
FNDA:0,(anonymous_0)
FNDA:0,(anonymous_1)
DA:1,3
DA:2,3
DA:4,3
DA:5,0
DA:7,0
DA:9,0
DA:11,0
DA:12,0
DA:17,0
DA:24,0
DA:25,0
DA:26,0
DA:33,0
DA:34,0
DA:35,0
DA:40,0
DA:41,0
DA:42,0
DA:48,3
LF:19
LH:4
BRDA:11,0,0,0
BRDA:11,0,1,0
BRDA:25,1,0,0
BRDA:25,1,1,0
BRDA:34,2,0,0
BRDA:34,2,1,0
BRF:6
BRH:0
end_of_record
TN:
SF:controllers/ricerca.js
FN:5,(anonymous_0)
FN:68,(anonymous_1)
FN:90,(anonymous_2)
FN:112,(anonymous_3)
FN:120,(anonymous_4)
FN:128,(anonymous_5)
FN:147,(anonymous_6)
FN:149,(anonymous_7)
FNF:8
FNH:0
FNDA:0,(anonymous_0)
FNDA:0,(anonymous_1)
FNDA:0,(anonymous_2)
FNDA:0,(anonymous_3)
FNDA:0,(anonymous_4)
FNDA:0,(anonymous_5)
FNDA:0,(anonymous_6)
FNDA:0,(anonymous_7)
DA:1,3
DA:2,3
DA:3,3
DA:5,3
DA:14,0
DA:15,0
DA:22,0
DA:23,0
DA:29,0
DA:30,0
DA:36,0
DA:37,0
DA:43,0
DA:44,0
DA:50,0
DA:51,0
DA:62,0
DA:63,0
DA:65,0
DA:66,0
DA:68,0
DA:69,0
DA:70,0
DA:74,0
DA:75,0
DA:80,0
DA:90,3
DA:91,0
DA:100,0
DA:102,0
DA:112,0
DA:114,0
DA:120,0
DA:121,0
DA:122,0
DA:128,0
DA:129,0
DA:130,0
DA:134,0
DA:135,0
DA:139,0
DA:147,3
DA:148,0
DA:149,0
DA:150,0
DA:151,0
DA:155,0
DA:156,0
DA:161,0
DA:168,3
LF:50
LH:7
BRDA:22,0,0,0
BRDA:22,0,1,0
BRDA:29,1,0,0
BRDA:29,1,1,0
BRDA:36,2,0,0
BRDA:36,2,1,0
BRDA:43,3,0,0
BRDA:43,3,1,0
BRDA:50,4,0,0
BRDA:50,4,1,0
BRDA:62,5,0,0
BRDA:62,5,1,0
BRDA:65,6,0,0
BRDA:65,6,1,0
BRDA:66,7,0,0
BRDA:66,7,1,0
BRDA:69,8,0,0
BRDA:69,8,1,0
BRDA:74,9,0,0
BRDA:74,9,1,0
BRDA:74,10,0,0
BRDA:74,10,1,0
BRDA:112,11,0,0
BRDA:112,11,1,0
BRDA:121,12,0,0
BRDA:121,12,1,0
BRDA:129,13,0,0
BRDA:129,13,1,0
BRDA:134,14,0,0
BRDA:134,14,1,0
BRDA:150,15,0,0
BRDA:150,15,1,0
BRDA:155,16,0,0
BRDA:155,16,1,0
BRF:34
BRH:0
end_of_record
TN:
SF:controllers/utente.js
FN:8,(anonymous_0)
FN:9,(anonymous_1)
FN:11,(anonymous_2)
FN:23,(anonymous_3)
FN:58,(anonymous_4)
FN:75,(anonymous_5)
FN:102,(anonymous_6)
FN:116,(anonymous_7)
FN:126,(anonymous_8)
FN:134,(anonymous_9)
FN:156,(anonymous_10)
FN:165,(anonymous_11)
FN:187,(anonymous_12)
FN:196,(anonymous_13)
FN:218,(anonymous_14)
FN:227,(anonymous_15)
FN:249,(anonymous_16)
FN:262,(anonymous_17)
FN:280,(anonymous_18)
FN:286,(anonymous_19)
FN:294,(anonymous_20)
FN:296,(anonymous_21)
FN:304,(anonymous_22)
FN:311,(anonymous_23)
FN:330,(anonymous_24)
FNF:25
FNH:19
FNDA:37,(anonymous_0)
FNDA:31,(anonymous_1)
FNDA:35,(anonymous_2)
FNDA:1,(anonymous_3)
FNDA:6,(anonymous_4)
FNDA:1,(anonymous_5)
FNDA:2,(anonymous_6)
FNDA:1,(anonymous_7)
FNDA:5,(anonymous_8)
FNDA:0,(anonymous_9)
FNDA:2,(anonymous_10)
FNDA:0,(anonymous_11)
FNDA:2,(anonymous_12)
FNDA:0,(anonymous_13)
FNDA:2,(anonymous_14)
FNDA:0,(anonymous_15)
FNDA:2,(anonymous_16)
FNDA:2,(anonymous_17)
FNDA:2,(anonymous_18)
FNDA:0,(anonymous_19)
FNDA:2,(anonymous_20)
FNDA:0,(anonymous_21)
FNDA:2,(anonymous_22)
FNDA:2,(anonymous_23)
FNDA:1,(anonymous_24)
DA:1,3
DA:2,3
DA:3,3
DA:4,3
DA:5,3
DA:6,3
DA:8,37
DA:9,31
DA:11,3
DA:14,35
DA:17,35
DA:18,1
DA:23,34
DA:24,1
DA:31,34
DA:32,1
DA:38,33
DA:39,2
DA:44,31
DA:45,31
DA:47,31
DA:58,3
DA:67,6
DA:69,6
DA:70,2
DA:75,4
DA:76,1
DA:83,4
DA:84,2
DA:90,2
DA:102,2
DA:103,2
DA:104,0
DA:109,2
DA:116,3
DA:120,1
DA:126,3
DA:127,5
DA:128,5
DA:129,0
DA:134,5
DA:135,0
DA:141,5
DA:142,1
DA:147,4
DA:149,4
DA:156,3
DA:157,2
DA:159,2
DA:160,0
DA:165,2
DA:166,0
DA:172,2
DA:173,1
DA:178,1
DA:180,1
DA:187,3
DA:188,2
DA:190,2
DA:191,0
DA:196,2
DA:197,0
DA:203,2
DA:204,1
DA:209,1
DA:211,1
DA:218,3
DA:219,2
DA:221,2
DA:222,0
DA:227,2
DA:228,0
DA:234,2
DA:235,1
DA:240,1
DA:242,1
DA:249,3
DA:250,2
DA:258,2
DA:261,2
DA:263,2
DA:264,0
DA:270,2
DA:271,2
DA:272,2
DA:273,2
DA:274,2
DA:275,2
DA:278,2
DA:281,2
DA:287,0
DA:294,3
DA:295,2
DA:296,2
DA:297,0
DA:304,2
DA:305,2
DA:306,0
DA:311,2
DA:312,2
DA:313,0
DA:317,2
DA:318,0
DA:323,2
DA:330,3
DA:331,1
DA:335,1
DA:341,3
LF:108
LH:93
BRDA:17,0,0,1
BRDA:17,0,1,34
BRDA:17,1,0,35
BRDA:17,1,1,35
BRDA:31,2,0,1
BRDA:31,2,1,33
BRDA:38,3,0,2
BRDA:38,3,1,31
BRDA:69,4,0,2
BRDA:69,4,1,4
BRDA:69,5,0,6
BRDA:69,5,1,5
BRDA:69,5,2,4
BRDA:69,5,3,4
BRDA:69,5,4,4
BRDA:69,5,5,4
BRDA:83,6,0,2
BRDA:83,6,1,2
BRDA:103,7,0,0
BRDA:103,7,1,2
BRDA:128,8,0,0
BRDA:128,8,1,5
BRDA:141,9,0,1
BRDA:141,9,1,4
BRDA:159,10,0,0
BRDA:159,10,1,2
BRDA:172,11,0,1
BRDA:172,11,1,1
BRDA:190,12,0,0
BRDA:190,12,1,2
BRDA:203,13,0,1
BRDA:203,13,1,1
BRDA:221,14,0,0
BRDA:221,14,1,2
BRDA:234,15,0,1
BRDA:234,15,1,1
BRDA:263,16,0,0
BRDA:263,16,1,2
BRDA:270,17,0,2
BRDA:270,17,1,0
BRDA:271,18,0,2
BRDA:271,18,1,0
BRDA:272,19,0,2
BRDA:272,19,1,0
BRDA:273,20,0,2
BRDA:273,20,1,0
BRDA:274,21,0,2
BRDA:274,21,1,0
BRDA:275,22,0,2
BRDA:275,22,1,0
BRDA:305,23,0,0
BRDA:305,23,1,2
BRDA:312,24,0,0
BRDA:312,24,1,2
BRDA:317,25,0,0
BRDA:317,25,1,2
BRF:56
BRH:41
end_of_record
TN:
SF:middleware/tokenChecker.js
FN:3,(anonymous_0)
FN:5,(anonymous_1)
FN:14,(anonymous_2)
FNF:3
FNH:3
FNDA:3,(anonymous_0)
FNDA:37,(anonymous_1)
FNDA:37,(anonymous_2)
DA:1,3
DA:3,3
DA:5,3
DA:7,37
DA:8,37
DA:9,0
DA:14,37
DA:15,37
DA:16,4
DA:22,33
DA:23,33
DA:28,3
LF:12
LH:11
BRDA:7,0,0,37
BRDA:7,0,1,37
BRDA:7,0,2,37
BRDA:8,1,0,0
BRDA:8,1,1,37
BRDA:15,2,0,4
BRDA:15,2,1,33
BRF:7
BRH:6
end_of_record
TN:
SF:models/annuncio.js
FNF:0
FNH:0
DA:1,3
DA:2,3
DA:3,3
DA:5,3
DA:22,3
DA:23,3
LF:6
LH:6
BRF:0
BRH:0
end_of_record
TN:
SF:models/chat.js
FNF:0
FNH:0
DA:1,3
DA:2,3
DA:4,3
DA:11,3
DA:12,3
LF:5
LH:5
BRF:0
BRH:0
end_of_record
TN:
SF:models/filtro.js
FNF:0
FNH:0
DA:1,3
DA:2,3
DA:4,3
DA:10,3
DA:11,3
LF:5
LH:5
BRF:0
BRH:0
end_of_record
TN:
SF:models/locale.js
FNF:0
FNH:0
DA:1,3
DA:3,3
DA:10,3
DA:11,3
LF:4
LH:4
BRF:0
BRH:0
end_of_record
TN:
SF:models/messaggio.js
FNF:0
FNH:0
DA:1,3
DA:2,3
DA:4,3
DA:10,3
DA:11,3
LF:5
LH:5
BRF:0
BRH:0
end_of_record
TN:
SF:models/ricerca.js
FNF:0
FNH:0
DA:1,3
DA:2,3
DA:4,3
DA:9,3
DA:10,3
LF:5
LH:5
BRF:0
BRH:0
end_of_record
TN:
SF:models/utente.js
FNF:0
FNH:0
DA:1,3
DA:2,3
DA:4,3
DA:17,3
DA:18,3
LF:5
LH:5
BRF:0
BRH:0
end_of_record
TN:
SF:routes/annuncio.js
FNF:0
FNH:0
DA:1,3
DA:2,3
DA:3,3
DA:4,3
DA:6,3
DA:8,3
DA:10,3
DA:12,3
DA:14,3
DA:16,3
DA:18,3
DA:20,3
DA:22,3
LF:13
LH:13
BRF:0
BRH:0
end_of_record
TN:
SF:routes/chat.js
FNF:0
FNH:0
DA:1,3
DA:2,3
DA:3,3
DA:4,3
DA:6,3
DA:8,3
DA:10,3
LF:7
LH:7
BRF:0
BRH:0
end_of_record
TN:
SF:routes/messaggio.js
FNF:0
FNH:0
DA:1,3
DA:2,3
DA:3,3
DA:4,3
DA:6,3
DA:8,3
LF:6
LH:6
BRF:0
BRH:0
end_of_record
TN:
SF:routes/ricerca.js
FNF:0
FNH:0
DA:1,3
DA:2,3
DA:3,3
DA:4,3
DA:6,3
DA:8,3
DA:10,3
DA:12,3
LF:8
LH:8
BRF:0
BRH:0
end_of_record
TN:
SF:routes/utente.js
FNF:0
FNH:0
DA:1,3
DA:3,3
DA:4,3
DA:5,3
DA:7,3
DA:9,3
DA:11,3
DA:13,3
DA:15,3
DA:17,3
DA:19,3
DA:21,3
DA:23,3
DA:25,3
DA:27,3
LF:15
LH:15
BRF:0
BRH:0
end_of_record
